<?xml version="1.0" encoding="UTF-8"?>
<testsuite xmlns:xsi="http://www.w3.org/2001/XMLSchema-instance" xsi:noNamespaceSchemaLocation="https://maven.apache.org/surefire/maven-surefire-plugin/xsd/surefire-test-report.xsd" version="3.0.2" name="com.uma.wanchinchun.WanchinchunApplicationTests" time="8.711" tests="12" errors="0" skipped="0" failures="1">
  <properties>
[...]
</properties>
  <testcase name="getAllCategories_InsufficientPermissions_ReturnsForbidden" classname="com.uma.wanchinchun.WanchinchunApplicationTests" time="0.701">
    <system-out><![CDATA[20:57:52.914 [main] INFO org.springframework.test.context.support.AnnotationConfigContextLoaderUtils -- Could not detect default configuration classes for test class [com.uma.wanchinchun.WanchinchunApplicationTests]: WanchinchunApplicationTests does not declare any static, non-private, non-final, nested classes annotated with @Configuration.
20:57:53.073 [main] INFO org.springframework.boot.test.context.SpringBootTestContextBootstrapper -- Found @SpringBootConfiguration com.uma.wanchinchun.WanchinchunApplication for test class com.uma.wanchinchun.WanchinchunApplicationTests

  .   ____          _            __ _ _
 /\\ / ___'_ __ _ _(_)_ __  __ _ \ \ \ \
( ( )\___ | '_ | '_| | '_ \/ _` | \ \ \ \
 \\/  ___)| |_)| | | | | || (_| |  ) ) ) )
  '  |____| .__|_| |_|_| |_\__, | / / / /
 =========|_|==============|___/=/_/_/_/

 :: Spring Boot ::                (v3.4.4)

2025-05-28T20:57:53.651+02:00  INFO 2092 --- [wanchinchun] [           main] c.u.w.WanchinchunApplicationTests        : Starting WanchinchunApplicationTests using Java 23 with PID 2092 (started by pablo in C:\Users\pablo\Downloads\mini-pim-plytix-wanchinchun-develop\mini-pim-plytix-wanchinchun-develop\Backend)
2025-05-28T20:57:53.654+02:00  INFO 2092 --- [wanchinchun] [           main] c.u.w.WanchinchunApplicationTests        : No active profile set, falling back to 1 default profile: "default"
2025-05-28T20:57:53.655+02:00 DEBUG 2092 --- [wanchinchun] [           main] o.s.boot.SpringApplication               : Loading source class com.uma.wanchinchun.WanchinchunApplication
2025-05-28T20:57:53.679+02:00 DEBUG 2092 --- [wanchinchun] [           main] ConfigServletWebServerApplicationContext : Refreshing org.springframework.boot.web.servlet.context.AnnotationConfigServletWebServerApplicationContext@12365c88
2025-05-28T20:57:53.706+02:00 DEBUG 2092 --- [wanchinchun] [           main] o.s.b.f.s.DefaultListableBeanFactory     : Creating shared instance of singleton bean 'org.springframework.context.annotation.internalConfigurationAnnotationProcessor'
2025-05-28T20:57:53.731+02:00 DEBUG 2092 --- [wanchinchun] [           main] o.s.b.f.s.DefaultListableBeanFactory     : Creating shared instance of singleton bean 'org.springframework.boot.autoconfigure.internalCachingMetadataReaderFactory'
2025-05-28T20:57:53.805+02:00 DEBUG 2092 --- [wanchinchun] [           main] o.s.c.a.ClassPathBeanDefinitionScanner   : Identified candidate component class: file [C:\Users\pablo\Downloads\mini-pim-plytix-wanchinchun-develop\mini-pim-plytix-wanchinchun-develop\Backend\target\classes\com\uma\wanchinchun\controllers\CategoryController.class]
2025-05-28T20:57:53.807+02:00 DEBUG 2092 --- [wanchinchun] [           main] o.s.c.a.ClassPathBeanDefinitionScanner   : Identified candidate component class: file [C:\Users\pablo\Downloads\mini-pim-plytix-wanchinchun-develop\mini-pim-plytix-wanchinchun-develop\Backend\target\classes\com\uma\wanchinchun\controllers\ProductController.class]
2025-05-28T20:57:53.808+02:00 DEBUG 2092 --- [wanchinchun] [           main] o.s.c.a.ClassPathBeanDefinitionScanner   : Identified candidate component class: file [C:\Users\pablo\Downloads\mini-pim-plytix-wanchinchun-develop\mini-pim-plytix-wanchinchun-develop\Backend\target\classes\com\uma\wanchinchun\controllers\RelationControler.class]
2025-05-28T20:57:53.809+02:00 DEBUG 2092 --- [wanchinchun] [           main] o.s.c.a.ClassPathBeanDefinitionScanner   : Identified candidate component class: file [C:\Users\pablo\Downloads\mini-pim-plytix-wanchinchun-develop\mini-pim-plytix-wanchinchun-develop\Backend\target\classes\com\uma\wanchinchun\DatabaseInitializer.class]
2025-05-28T20:57:53.815+02:00 DEBUG 2092 --- [wanchinchun] [           main] o.s.c.a.ClassPathBeanDefinitionScanner   : Identified candidate component class: file [C:\Users\pablo\Downloads\mini-pim-plytix-wanchinchun-develop\mini-pim-plytix-wanchinchun-develop\Backend\target\classes\com\uma\wanchinchun\mappers\ProductMapper.class]
2025-05-28T20:57:53.829+02:00 DEBUG 2092 --- [wanchinchun] [           main] o.s.c.a.ClassPathBeanDefinitionScanner   : Identified candidate component class: file [C:\Users\pablo\Downloads\mini-pim-plytix-wanchinchun-develop\mini-pim-plytix-wanchinchun-develop\Backend\target\classes\com\uma\wanchinchun\services\AccessManagerService.class]
2025-05-28T20:57:53.832+02:00 DEBUG 2092 --- [wanchinchun] [           main] o.s.c.a.ClassPathBeanDefinitionScanner   : Identified candidate component class: file [C:\Users\pablo\Downloads\mini-pim-plytix-wanchinchun-develop\mini-pim-plytix-wanchinchun-develop\Backend\target\classes\com\uma\wanchinchun\services\CategoryService.class]
2025-05-28T20:57:53.834+02:00 DEBUG 2092 --- [wanchinchun] [           main] o.s.c.a.ClassPathBeanDefinitionScanner   : Identified candidate component class: file [C:\Users\pablo\Downloads\mini-pim-plytix-wanchinchun-develop\mini-pim-plytix-wanchinchun-develop\Backend\target\classes\com\uma\wanchinchun\services\CategoryServiceFactory.class]
2025-05-28T20:57:53.837+02:00 DEBUG 2092 --- [wanchinchun] [           main] o.s.c.a.ClassPathBeanDefinitionScanner   : Identified candidate component class: file [C:\Users\pablo\Downloads\mini-pim-plytix-wanchinchun-develop\mini-pim-plytix-wanchinchun-develop\Backend\target\classes\com\uma\wanchinchun\services\ProductService.class]
2025-05-28T20:57:53.838+02:00 DEBUG 2092 --- [wanchinchun] [           main] o.s.c.a.ClassPathBeanDefinitionScanner   : Identified candidate component class: file [C:\Users\pablo\Downloads\mini-pim-plytix-wanchinchun-develop\mini-pim-plytix-wanchinchun-develop\Backend\target\classes\com\uma\wanchinchun\services\ProductServiceFactory.class]
2025-05-28T20:57:53.839+02:00 DEBUG 2092 --- [wanchinchun] [           main] o.s.c.a.ClassPathBeanDefinitionScanner   : Identified candidate component class: file [C:\Users\pablo\Downloads\mini-pim-plytix-wanchinchun-develop\mini-pim-plytix-wanchinchun-develop\Backend\target\classes\com\uma\wanchinchun\services\RelationService.class]
2025-05-28T20:57:54.512+02:00  INFO 2092 --- [wanchinchun] [           main] .s.d.r.c.RepositoryConfigurationDelegate : Bootstrapping Spring Data JPA repositories in DEFAULT mode.
2025-05-28T20:57:54.522+02:00 DEBUG 2092 --- [wanchinchun] [           main] o.s.b.f.s.DefaultListableBeanFactory     : Creating shared instance of singleton bean 'org.springframework.boot.autoconfigure.AutoConfigurationPackages'
2025-05-28T20:57:54.531+02:00 DEBUG 2092 --- [wanchinchun] [           main] o.s.b.a.AutoConfigurationPackages        : @EnableAutoConfiguration was declared on a class in the package 'com.uma.wanchinchun'. Automatic @Repository and @Entity scanning is enabled.
2025-05-28T20:57:54.532+02:00 DEBUG 2092 --- [wanchinchun] [           main] .s.d.r.c.RepositoryConfigurationDelegate : Scanning for JPA repositories in packages com.uma.wanchinchun.
2025-05-28T20:57:54.548+02:00 DEBUG 2092 --- [wanchinchun] [           main] o.s.d.r.c.RepositoryComponentProvider    : Identified candidate component class: file [C:\Users\pablo\Downloads\mini-pim-plytix-wanchinchun-develop\mini-pim-plytix-wanchinchun-develop\Backend\target\classes\com\uma\wanchinchun\repositories\CategoryRepository.class]
2025-05-28T20:57:54.548+02:00 DEBUG 2092 --- [wanchinchun] [           main] o.s.d.r.c.RepositoryComponentProvider    : Identified candidate component class: file [C:\Users\pablo\Downloads\mini-pim-plytix-wanchinchun-develop\mini-pim-plytix-wanchinchun-develop\Backend\target\classes\com\uma\wanchinchun\repositories\ProductRepository.class]
2025-05-28T20:57:54.548+02:00 DEBUG 2092 --- [wanchinchun] [           main] o.s.d.r.c.RepositoryComponentProvider    : Identified candidate component class: file [C:\Users\pablo\Downloads\mini-pim-plytix-wanchinchun-develop\mini-pim-plytix-wanchinchun-develop\Backend\target\classes\com\uma\wanchinchun\repositories\RelationRepository.class]
2025-05-28T20:57:54.599+02:00  INFO 2092 --- [wanchinchun] [           main] .s.d.r.c.RepositoryConfigurationDelegate : Finished Spring Data repository scanning in 66 ms. Found 3 JPA repository interfaces.
2025-05-28T20:57:54.704+02:00 DEBUG 2092 --- [wanchinchun] [           main] o.s.b.f.s.DefaultListableBeanFactory     : Creating shared instance of singleton bean 'org.springframework.boot.test.web.client.TestRestTemplateContextCustomizer$TestRestTemplateRegistrar'
2025-05-28T20:57:54.793+02:00 DEBUG 2092 --- [wanchinchun] [           main] o.s.b.f.s.DefaultListableBeanFactory     : Creating shared instance of singleton bean 'propertySourcesPlaceholderConfigurer'
2025-05-28T20:57:54.799+02:00 DEBUG 2092 --- [wanchinchun] [           main] o.s.b.f.s.DefaultListableBeanFactory     : Creating shared instance of singleton bean 'org.springframework.boot.test.mock.mockito.MockitoPostProcessor'
2025-05-28T20:57:54.802+02:00 DEBUG 2092 --- [wanchinchun] [           main] o.s.b.f.s.DefaultListableBeanFactory     : Creating shared instance of singleton bean 'emBeanDefinitionRegistrarPostProcessor'
2025-05-28T20:57:54.803+02:00 DEBUG 2092 --- [wanchinchun] [           main] o.s.b.f.s.DefaultListableBeanFactory     : Creating shared instance of singleton bean 'org.springframework.boot.sql.init.dependency.DatabaseInitializationDependencyConfigurer$DependsOnDatabaseInitializationPostProcessor'
2025-05-28T20:57:54.860+02:00 DEBUG 2092 --- [wanchinchun] [           main] o.s.b.f.s.DefaultListableBeanFactory     : Creating shared instance of singleton bean 'org.springframework.context.event.internalEventListenerProcessor'
2025-05-28T20:57:54.873+02:00 DEBUG 2092 --- [wanchinchun] [           main] o.s.b.f.s.DefaultListableBeanFactory     : Creating shared instance of singleton bean 'preserveErrorControllerTargetClassPostProcessor'
2025-05-28T20:57:54.874+02:00 DEBUG 2092 --- [wanchinchun] [           main] o.s.b.f.s.DefaultListableBeanFactory     : Creating shared instance of singleton bean 'org.springframework.context.event.internalEventListenerFactory'
2025-05-28T20:57:54.875+02:00 DEBUG 2092 --- [wanchinchun] [           main] o.s.b.f.s.DefaultListableBeanFactory     : Creating shared instance of singleton bean 'org.springframework.transaction.config.internalTransactionalEventListenerFactory'
2025-05-28T20:57:54.877+02:00 DEBUG 2092 --- [wanchinchun] [           main] o.s.b.f.s.DefaultListableBeanFactory     : Creating shared instance of singleton bean 'org.springframework.context.annotation.internalAutowiredAnnotationProcessor'
2025-05-28T20:57:54.880+02:00 DEBUG 2092 --- [wanchinchun] [           main] o.s.b.f.s.DefaultListableBeanFactory     : Creating shared instance of singleton bean 'org.springframework.context.annotation.internalCommonAnnotationProcessor'
2025-05-28T20:57:54.884+02:00 DEBUG 2092 --- [wanchinchun] [           main] o.s.b.f.s.DefaultListableBeanFactory     : Creating shared instance of singleton bean 'org.springframework.context.annotation.internalPersistenceAnnotationProcessor'
2025-05-28T20:57:54.884+02:00 DEBUG 2092 --- [wanchinchun] [           main] o.s.b.f.s.DefaultListableBeanFactory     : Creating shared instance of singleton bean 'org.springframework.boot.test.mock.mockito.MockitoPostProcessor$SpyPostProcessor'
2025-05-28T20:57:54.885+02:00 DEBUG 2092 --- [wanchinchun] [           main] o.s.b.f.s.DefaultListableBeanFactory     : Creating shared instance of singleton bean 'org.springframework.boot.context.properties.ConfigurationPropertiesBindingPostProcessor'
2025-05-28T20:57:54.886+02:00 DEBUG 2092 --- [wanchinchun] [           main] o.s.b.f.s.DefaultListableBeanFactory     : Creating shared instance of singleton bean 'org.springframework.boot.context.internalConfigurationPropertiesBinder'
2025-05-28T20:57:54.889+02:00 DEBUG 2092 --- [wanchinchun] [           main] o.s.b.f.s.DefaultListableBeanFactory     : Creating shared instance of singleton bean 'jdbcConnectionDetailsHikariBeanPostProcessor'
2025-05-28T20:57:54.892+02:00 DEBUG 2092 --- [wanchinchun] [           main] o.s.b.f.s.DefaultListableBeanFactory     : Creating shared instance of singleton bean 'org.springframework.aop.config.internalAutoProxyCreator'
2025-05-28T20:57:54.918+02:00 DEBUG 2092 --- [wanchinchun] [           main] o.s.b.f.s.DefaultListableBeanFactory     : Creating shared instance of singleton bean 'persistenceExceptionTranslationPostProcessor'
2025-05-28T20:57:54.922+02:00 DEBUG 2092 --- [wanchinchun] [           main] o.s.b.f.s.DefaultListableBeanFactory     : Autowiring by type from bean name 'persistenceExceptionTranslationPostProcessor' via factory method to bean named 'environment'
2025-05-28T20:57:54.927+02:00 DEBUG 2092 --- [wanchinchun] [           main] o.s.b.f.s.DefaultListableBeanFactory     : Creating shared instance of singleton bean 'webServerFactoryCustomizerBeanPostProcessor'
2025-05-28T20:57:54.928+02:00 DEBUG 2092 --- [wanchinchun] [           main] o.s.b.f.s.DefaultListableBeanFactory     : Creating shared instance of singleton bean 'errorPageRegistrarBeanPostProcessor'
2025-05-28T20:57:54.929+02:00 DEBUG 2092 --- [wanchinchun] [           main] o.s.b.f.s.DefaultListableBeanFactory     : Creating shared instance of singleton bean 'projectingArgumentResolverBeanPostProcessor'
2025-05-28T20:57:54.930+02:00 DEBUG 2092 --- [wanchinchun] [           main] o.s.b.f.s.DefaultListableBeanFactory     : Creating shared instance of singleton bean 'org.springframework.transaction.config.internalTransactionAdvisor'
2025-05-28T20:57:54.930+02:00 DEBUG 2092 --- [wanchinchun] [           main] o.s.b.f.s.DefaultListableBeanFactory     : Creating shared instance of singleton bean 'org.springframework.transaction.annotation.ProxyTransactionManagementConfiguration'
2025-05-28T20:57:54.959+02:00 DEBUG 2092 --- [wanchinchun] [           main] o.s.b.f.s.DefaultListableBeanFactory     : Creating shared instance of singleton bean 'transactionAttributeSource'
2025-05-28T20:57:54.962+02:00 DEBUG 2092 --- [wanchinchun] [           main] o.s.b.f.s.DefaultListableBeanFactory     : Creating shared instance of singleton bean 'transactionInterceptor'
2025-05-28T20:57:54.962+02:00 DEBUG 2092 --- [wanchinchun] [           main] o.s.b.f.s.DefaultListableBeanFactory     : Autowiring by type from bean name 'transactionInterceptor' via factory method to bean named 'transactionAttributeSource'
2025-05-28T20:57:54.969+02:00 DEBUG 2092 --- [wanchinchun] [           main] o.s.b.f.s.DefaultListableBeanFactory     : Autowiring by type from bean name 'org.springframework.transaction.config.internalTransactionAdvisor' via factory method to bean named 'transactionAttributeSource'
2025-05-28T20:57:54.969+02:00 DEBUG 2092 --- [wanchinchun] [           main] o.s.b.f.s.DefaultListableBeanFactory     : Autowiring by type from bean name 'org.springframework.transaction.config.internalTransactionAdvisor' via factory method to bean named 'transactionInterceptor'
2025-05-28T20:57:54.999+02:00 DEBUG 2092 --- [wanchinchun] [           main] o.s.u.c.s.UiApplicationContextUtils      : Unable to locate ThemeSource with name 'themeSource': using default [org.springframework.ui.context.support.ResourceBundleThemeSource@4887de2b]
2025-05-28T20:57:55.000+02:00 DEBUG 2092 --- [wanchinchun] [           main] o.s.b.f.s.DefaultListableBeanFactory     : Creating shared instance of singleton bean 'tomcatServletWebServerFactory'
2025-05-28T20:57:55.000+02:00 DEBUG 2092 --- [wanchinchun] [           main] o.s.b.f.s.DefaultListableBeanFactory     : Creating shared instance of singleton bean 'org.springframework.boot.autoconfigure.web.servlet.ServletWebServerFactoryConfiguration$EmbeddedTomcat'
2025-05-28T20:57:55.030+02:00 DEBUG 2092 --- [wanchinchun] [           main] o.s.b.f.s.DefaultListableBeanFactory     : Creating shared instance of singleton bean 'websocketServletWebServerCustomizer'
2025-05-28T20:57:55.031+02:00 DEBUG 2092 --- [wanchinchun] [           main] o.s.b.f.s.DefaultListableBeanFactory     : Creating shared instance of singleton bean 'org.springframework.boot.autoconfigure.websocket.servlet.WebSocketServletAutoConfiguration$TomcatWebSocketConfiguration'
2025-05-28T20:57:55.033+02:00 DEBUG 2092 --- [wanchinchun] [           main] o.s.b.f.s.DefaultListableBeanFactory     : Creating shared instance of singleton bean 'servletWebServerFactoryCustomizer'
2025-05-28T20:57:55.033+02:00 DEBUG 2092 --- [wanchinchun] [           main] o.s.b.f.s.DefaultListableBeanFactory     : Creating shared instance of singleton bean 'org.springframework.boot.autoconfigure.web.servlet.ServletWebServerFactoryAutoConfiguration'
2025-05-28T20:57:55.034+02:00 DEBUG 2092 --- [wanchinchun] [           main] o.s.b.f.s.DefaultListableBeanFactory     : Creating shared instance of singleton bean 'server-org.springframework.boot.autoconfigure.web.ServerProperties'
2025-05-28T20:57:55.048+02:00 DEBUG 2092 --- [wanchinchun] [           main] o.s.b.f.s.DefaultListableBeanFactory     : Creating shared instance of singleton bean 'org.springframework.boot.context.properties.BoundConfigurationProperties'
2025-05-28T20:57:55.062+02:00 DEBUG 2092 --- [wanchinchun] [           main] o.s.b.f.s.DefaultListableBeanFactory     : Autowiring by type from bean name 'servletWebServerFactoryCustomizer' via factory method to bean named 'server-org.springframework.boot.autoconfigure.web.ServerProperties'
2025-05-28T20:57:55.067+02:00 DEBUG 2092 --- [wanchinchun] [           main] o.s.b.f.s.DefaultListableBeanFactory     : Creating shared instance of singleton bean 'sslBundleRegistry'
2025-05-28T20:57:55.067+02:00 DEBUG 2092 --- [wanchinchun] [           main] o.s.b.f.s.DefaultListableBeanFactory     : Creating shared instance of singleton bean 'org.springframework.boot.autoconfigure.ssl.SslAutoConfiguration'
2025-05-28T20:57:55.068+02:00 DEBUG 2092 --- [wanchinchun] [           main] o.s.b.f.s.DefaultListableBeanFactory     : Creating shared instance of singleton bean 'spring.ssl-org.springframework.boot.autoconfigure.ssl.SslProperties'
2025-05-28T20:57:55.069+02:00 DEBUG 2092 --- [wanchinchun] [           main] o.s.b.f.s.DefaultListableBeanFactory     : Autowiring by type from bean name 'org.springframework.boot.autoconfigure.ssl.SslAutoConfiguration' via constructor to bean named 'org.springframework.boot.web.servlet.context.AnnotationConfigServletWebServerApplicationContext@12365c88'
2025-05-28T20:57:55.069+02:00 DEBUG 2092 --- [wanchinchun] [           main] o.s.b.f.s.DefaultListableBeanFactory     : Autowiring by type from bean name 'org.springframework.boot.autoconfigure.ssl.SslAutoConfiguration' via constructor to bean named 'spring.ssl-org.springframework.boot.autoconfigure.ssl.SslProperties'
2025-05-28T20:57:55.073+02:00 DEBUG 2092 --- [wanchinchun] [           main] o.s.b.f.s.DefaultListableBeanFactory     : Creating shared instance of singleton bean 'sslPropertiesSslBundleRegistrar'
2025-05-28T20:57:55.074+02:00 DEBUG 2092 --- [wanchinchun] [           main] o.s.b.f.s.DefaultListableBeanFactory     : Creating shared instance of singleton bean 'fileWatcher'
2025-05-28T20:57:55.075+02:00 DEBUG 2092 --- [wanchinchun] [           main] o.s.b.f.s.DefaultListableBeanFactory     : Autowiring by type from bean name 'sslPropertiesSslBundleRegistrar' via factory method to bean named 'fileWatcher'
2025-05-28T20:57:55.082+02:00 DEBUG 2092 --- [wanchinchun] [           main] o.s.b.f.s.DefaultListableBeanFactory     : Creating shared instance of singleton bean 'tomcatServletWebServerFactoryCustomizer'
2025-05-28T20:57:55.082+02:00 DEBUG 2092 --- [wanchinchun] [           main] o.s.b.f.s.DefaultListableBeanFactory     : Autowiring by type from bean name 'tomcatServletWebServerFactoryCustomizer' via factory method to bean named 'server-org.springframework.boot.autoconfigure.web.ServerProperties'
2025-05-28T20:57:55.085+02:00 DEBUG 2092 --- [wanchinchun] [           main] o.s.b.f.s.DefaultListableBeanFactory     : Creating shared instance of singleton bean 'tomcatWebServerFactoryCustomizer'
2025-05-28T20:57:55.085+02:00 DEBUG 2092 --- [wanchinchun] [           main] o.s.b.f.s.DefaultListableBeanFactory     : Creating shared instance of singleton bean 'org.springframework.boot.autoconfigure.web.embedded.EmbeddedWebServerFactoryCustomizerAutoConfiguration$TomcatWebServerFactoryCustomizerConfiguration'
2025-05-28T20:57:55.086+02:00 DEBUG 2092 --- [wanchinchun] [           main] o.s.b.f.s.DefaultListableBeanFactory     : Autowiring by type from bean name 'tomcatWebServerFactoryCustomizer' via factory method to bean named 'environment'
2025-05-28T20:57:55.086+02:00 DEBUG 2092 --- [wanchinchun] [           main] o.s.b.f.s.DefaultListableBeanFactory     : Autowiring by type from bean name 'tomcatWebServerFactoryCustomizer' via factory method to bean named 'server-org.springframework.boot.autoconfigure.web.ServerProperties'
2025-05-28T20:57:55.089+02:00 DEBUG 2092 --- [wanchinchun] [           main] o.s.b.f.s.DefaultListableBeanFactory     : Creating shared instance of singleton bean 'localeCharsetMappingsCustomizer'
2025-05-28T20:57:55.089+02:00 DEBUG 2092 --- [wanchinchun] [           main] o.s.b.f.s.DefaultListableBeanFactory     : Creating shared instance of singleton bean 'org.springframework.boot.autoconfigure.web.servlet.HttpEncodingAutoConfiguration'
2025-05-28T20:57:55.089+02:00 DEBUG 2092 --- [wanchinchun] [           main] o.s.b.f.s.DefaultListableBeanFactory     : Autowiring by type from bean name 'org.springframework.boot.autoconfigure.web.servlet.HttpEncodingAutoConfiguration' via constructor to bean named 'server-org.springframework.boot.autoconfigure.web.ServerProperties'
2025-05-28T20:57:55.145+02:00 DEBUG 2092 --- [wanchinchun] [           main] o.s.b.f.s.DefaultListableBeanFactory     : Creating shared instance of singleton bean 'errorPageCustomizer'
2025-05-28T20:57:55.145+02:00 DEBUG 2092 --- [wanchinchun] [           main] o.s.b.f.s.DefaultListableBeanFactory     : Creating shared instance of singleton bean 'org.springframework.boot.autoconfigure.web.servlet.error.ErrorMvcAutoConfiguration'
2025-05-28T20:57:55.146+02:00 DEBUG 2092 --- [wanchinchun] [           main] o.s.b.f.s.DefaultListableBeanFactory     : Autowiring by type from bean name 'org.springframework.boot.autoconfigure.web.servlet.error.ErrorMvcAutoConfiguration' via constructor to bean named 'server-org.springframework.boot.autoconfigure.web.ServerProperties'
2025-05-28T20:57:55.147+02:00 DEBUG 2092 --- [wanchinchun] [           main] o.s.b.f.s.DefaultListableBeanFactory     : Creating shared instance of singleton bean 'dispatcherServletRegistration'
2025-05-28T20:57:55.147+02:00 DEBUG 2092 --- [wanchinchun] [           main] o.s.b.f.s.DefaultListableBeanFactory     : Creating shared instance of singleton bean 'org.springframework.boot.autoconfigure.web.servlet.DispatcherServletAutoConfiguration$DispatcherServletRegistrationConfiguration'
2025-05-28T20:57:55.149+02:00 DEBUG 2092 --- [wanchinchun] [           main] o.s.b.f.s.DefaultListableBeanFactory     : Creating shared instance of singleton bean 'dispatcherServlet'
2025-05-28T20:57:55.149+02:00 DEBUG 2092 --- [wanchinchun] [           main] o.s.b.f.s.DefaultListableBeanFactory     : Creating shared instance of singleton bean 'org.springframework.boot.autoconfigure.web.servlet.DispatcherServletAutoConfiguration$DispatcherServletConfiguration'
2025-05-28T20:57:55.150+02:00 DEBUG 2092 --- [wanchinchun] [           main] o.s.b.f.s.DefaultListableBeanFactory     : Creating shared instance of singleton bean 'spring.mvc-org.springframework.boot.autoconfigure.web.servlet.WebMvcProperties'
2025-05-28T20:57:55.157+02:00 DEBUG 2092 --- [wanchinchun] [           main] o.s.b.f.s.DefaultListableBeanFactory     : Autowiring by type from bean name 'dispatcherServlet' via factory method to bean named 'spring.mvc-org.springframework.boot.autoconfigure.web.servlet.WebMvcProperties'
2025-05-28T20:57:55.175+02:00 DEBUG 2092 --- [wanchinchun] [           main] o.s.b.f.s.DefaultListableBeanFactory     : Autowiring by type from bean name 'dispatcherServletRegistration' via factory method to bean named 'dispatcherServlet'
2025-05-28T20:57:55.175+02:00 DEBUG 2092 --- [wanchinchun] [           main] o.s.b.f.s.DefaultListableBeanFactory     : Autowiring by type from bean name 'dispatcherServletRegistration' via factory method to bean named 'spring.mvc-org.springframework.boot.autoconfigure.web.servlet.WebMvcProperties'
2025-05-28T20:57:55.179+02:00 DEBUG 2092 --- [wanchinchun] [           main] o.s.b.f.s.DefaultListableBeanFactory     : Creating shared instance of singleton bean 'multipartConfigElement'
2025-05-28T20:57:55.179+02:00 DEBUG 2092 --- [wanchinchun] [           main] o.s.b.f.s.DefaultListableBeanFactory     : Creating shared instance of singleton bean 'org.springframework.boot.autoconfigure.web.servlet.MultipartAutoConfiguration'
2025-05-28T20:57:55.180+02:00 DEBUG 2092 --- [wanchinchun] [           main] o.s.b.f.s.DefaultListableBeanFactory     : Creating shared instance of singleton bean 'spring.servlet.multipart-org.springframework.boot.autoconfigure.web.servlet.MultipartProperties'
2025-05-28T20:57:55.186+02:00 DEBUG 2092 --- [wanchinchun] [           main] o.s.b.f.s.DefaultListableBeanFactory     : Autowiring by type from bean name 'org.springframework.boot.autoconfigure.web.servlet.MultipartAutoConfiguration' via constructor to bean named 'spring.servlet.multipart-org.springframework.boot.autoconfigure.web.servlet.MultipartProperties'
2025-05-28T20:57:55.192+02:00 DEBUG 2092 --- [wanchinchun] [           main] o.s.b.f.s.DefaultListableBeanFactory     : Autowiring by type from bean name 'errorPageCustomizer' via factory method to bean named 'dispatcherServletRegistration'
2025-05-28T20:57:55.308+02:00 DEBUG 2092 --- [wanchinchun] [           main] .s.b.w.e.t.TomcatServletWebServerFactory : Code archive: C:\Users\pablo\.m2\repository\org\springframework\boot\spring-boot\3.4.4\spring-boot-3.4.4.jar
2025-05-28T20:57:55.309+02:00 DEBUG 2092 --- [wanchinchun] [           main] .s.b.w.e.t.TomcatServletWebServerFactory : Code archive: C:\Users\pablo\.m2\repository\org\springframework\boot\spring-boot\3.4.4\spring-boot-3.4.4.jar
2025-05-28T20:57:55.309+02:00 DEBUG 2092 --- [wanchinchun] [           main] .s.b.w.e.t.TomcatServletWebServerFactory : None of the document roots [src/main/webapp, public, static] point to a directory and will be ignored.
2025-05-28T20:57:55.343+02:00  INFO 2092 --- [wanchinchun] [           main] o.s.b.w.embedded.tomcat.TomcatWebServer  : Tomcat initialized with port 0 (http)
2025-05-28T20:57:55.366+02:00  INFO 2092 --- [wanchinchun] [           main] o.apache.catalina.core.StandardService   : Starting service [Tomcat]
2025-05-28T20:57:55.367+02:00  INFO 2092 --- [wanchinchun] [           main] o.apache.catalina.core.StandardEngine    : Starting Servlet engine: [Apache Tomcat/10.1.39]
2025-05-28T20:57:55.438+02:00  INFO 2092 --- [wanchinchun] [           main] o.a.c.c.C.[Tomcat].[localhost].[/]       : Initializing Spring embedded WebApplicationContext
2025-05-28T20:57:55.439+02:00 DEBUG 2092 --- [wanchinchun] [           main] w.s.c.ServletWebServerApplicationContext : Published root WebApplicationContext as ServletContext attribute with name [org.springframework.web.context.WebApplicationContext.ROOT]
2025-05-28T20:57:55.440+02:00  INFO 2092 --- [wanchinchun] [           main] w.s.c.ServletWebServerApplicationContext : Root WebApplicationContext: initialization completed in 1760 ms
2025-05-28T20:57:55.446+02:00 DEBUG 2092 --- [wanchinchun] [           main] o.s.b.f.s.DefaultListableBeanFactory     : Creating shared instance of singleton bean 'requestContextFilter'
2025-05-28T20:57:55.449+02:00 DEBUG 2092 --- [wanchinchun] [           main] o.s.b.f.s.DefaultListableBeanFactory     : Creating shared instance of singleton bean 'formContentFilter'
2025-05-28T20:57:55.450+02:00 DEBUG 2092 --- [wanchinchun] [           main] o.s.b.f.s.DefaultListableBeanFactory     : Creating shared instance of singleton bean 'org.springframework.boot.autoconfigure.web.servlet.WebMvcAutoConfiguration'
2025-05-28T20:57:55.462+02:00 DEBUG 2092 --- [wanchinchun] [           main] o.s.b.f.s.DefaultListableBeanFactory     : Creating shared instance of singleton bean 'characterEncodingFilter'
2025-05-28T20:57:55.473+02:00 DEBUG 2092 --- [wanchinchun] [           main] o.s.b.w.s.ServletContextInitializerBeans : Mapping filters: characterEncodingFilter urls=[/*] order=-2147483648, formContentFilter urls=[/*] order=-9900, requestContextFilter urls=[/*] order=-105
2025-05-28T20:57:55.474+02:00 DEBUG 2092 --- [wanchinchun] [           main] o.s.b.w.s.ServletContextInitializerBeans : Mapping servlets: dispatcherServlet urls=[/]
2025-05-28T20:57:55.509+02:00 DEBUG 2092 --- [wanchinchun] [           main] o.s.b.w.s.f.OrderedRequestContextFilter  : Filter 'requestContextFilter' configured for use
2025-05-28T20:57:55.512+02:00 DEBUG 2092 --- [wanchinchun] [           main] s.b.w.s.f.OrderedCharacterEncodingFilter : Filter 'characterEncodingFilter' configured for use
2025-05-28T20:57:55.512+02:00 DEBUG 2092 --- [wanchinchun] [           main] o.s.b.w.s.f.OrderedFormContentFilter     : Filter 'formContentFilter' configured for use
2025-05-28T20:57:55.523+02:00 DEBUG 2092 --- [wanchinchun] [           main] o.s.b.f.s.DefaultListableBeanFactory     : Creating shared instance of singleton bean 'org.springframework.test.context.support.internalDynamicPropertyRegistrarBeanInitializer'
2025-05-28T20:57:55.525+02:00 DEBUG 2092 --- [wanchinchun] [           main] o.s.b.f.s.DefaultListableBeanFactory     : Creating shared instance of singleton bean 'dataSourceScriptDatabaseInitializer'
2025-05-28T20:57:55.526+02:00 DEBUG 2092 --- [wanchinchun] [           main] o.s.b.f.s.DefaultListableBeanFactory     : Creating shared instance of singleton bean 'org.springframework.boot.autoconfigure.sql.init.DataSourceInitializationConfiguration'
2025-05-28T20:57:55.526+02:00 DEBUG 2092 --- [wanchinchun] [           main] o.s.b.f.s.DefaultListableBeanFactory     : Creating shared instance of singleton bean 'dataSource'
2025-05-28T20:57:55.527+02:00 DEBUG 2092 --- [wanchinchun] [           main] o.s.b.f.s.DefaultListableBeanFactory     : Creating shared instance of singleton bean 'org.springframework.boot.autoconfigure.jdbc.DataSourceConfiguration$Hikari'
2025-05-28T20:57:55.527+02:00 DEBUG 2092 --- [wanchinchun] [           main] o.s.b.f.s.DefaultListableBeanFactory     : Creating shared instance of singleton bean 'spring.datasource-org.springframework.boot.autoconfigure.jdbc.DataSourceProperties'
2025-05-28T20:57:55.536+02:00 DEBUG 2092 --- [wanchinchun] [           main] o.s.b.f.s.DefaultListableBeanFactory     : Creating shared instance of singleton bean 'jdbcConnectionDetails'
2025-05-28T20:57:55.536+02:00 DEBUG 2092 --- [wanchinchun] [           main] o.s.b.f.s.DefaultListableBeanFactory     : Creating shared instance of singleton bean 'org.springframework.boot.autoconfigure.jdbc.DataSourceAutoConfiguration$PooledDataSourceConfiguration'
2025-05-28T20:57:55.537+02:00 DEBUG 2092 --- [wanchinchun] [           main] o.s.b.f.s.DefaultListableBeanFactory     : Autowiring by type from bean name 'jdbcConnectionDetails' via factory method to bean named 'spring.datasource-org.springframework.boot.autoconfigure.jdbc.DataSourceProperties'
2025-05-28T20:57:55.538+02:00 DEBUG 2092 --- [wanchinchun] [           main] o.s.b.f.s.DefaultListableBeanFactory     : Autowiring by type from bean name 'dataSource' via factory method to bean named 'spring.datasource-org.springframework.boot.autoconfigure.jdbc.DataSourceProperties'
2025-05-28T20:57:55.538+02:00 DEBUG 2092 --- [wanchinchun] [           main] o.s.b.f.s.DefaultListableBeanFactory     : Autowiring by type from bean name 'dataSource' via factory method to bean named 'jdbcConnectionDetails'
2025-05-28T20:57:55.559+02:00 DEBUG 2092 --- [wanchinchun] [           main] o.s.b.f.s.DefaultListableBeanFactory     : Creating shared instance of singleton bean 'spring.sql.init-org.springframework.boot.autoconfigure.sql.init.SqlInitializationProperties'
2025-05-28T20:57:55.570+02:00 DEBUG 2092 --- [wanchinchun] [           main] o.s.b.f.s.DefaultListableBeanFactory     : Autowiring by type from bean name 'dataSourceScriptDatabaseInitializer' via factory method to bean named 'dataSource'
2025-05-28T20:57:55.570+02:00 DEBUG 2092 --- [wanchinchun] [           main] o.s.b.f.s.DefaultListableBeanFactory     : Autowiring by type from bean name 'dataSourceScriptDatabaseInitializer' via factory method to bean named 'spring.sql.init-org.springframework.boot.autoconfigure.sql.init.SqlInitializationProperties'
2025-05-28T20:57:55.588+02:00 DEBUG 2092 --- [wanchinchun] [           main] o.s.jdbc.datasource.DataSourceUtils      : Fetching JDBC Connection from DataSource
2025-05-28T20:57:55.590+02:00  INFO 2092 --- [wanchinchun] [           main] com.zaxxer.hikari.HikariDataSource       : HikariPool-1 - Starting...
2025-05-28T20:57:55.911+02:00  INFO 2092 --- [wanchinchun] [           main] com.zaxxer.hikari.pool.HikariPool        : HikariPool-1 - Added connection conn0: url=jdbc:h2:file:./data/wanchinchun_db user=SA
2025-05-28T20:57:55.913+02:00  INFO 2092 --- [wanchinchun] [           main] com.zaxxer.hikari.HikariDataSource       : HikariPool-1 - Start completed.
2025-05-28T20:57:55.936+02:00 DEBUG 2092 --- [wanchinchun] [           main] o.s.b.f.s.DefaultListableBeanFactory     : Creating shared instance of singleton bean 'entityManagerFactory'
2025-05-28T20:57:55.937+02:00 DEBUG 2092 --- [wanchinchun] [           main] o.s.b.f.s.DefaultListableBeanFactory     : Creating shared instance of singleton bean 'org.springframework.boot.autoconfigure.orm.jpa.HibernateJpaConfiguration'
2025-05-28T20:57:55.938+02:00 DEBUG 2092 --- [wanchinchun] [           main] o.s.b.f.s.DefaultListableBeanFactory     : Creating shared instance of singleton bean 'spring.jpa-org.springframework.boot.autoconfigure.orm.jpa.JpaProperties'
2025-05-28T20:57:55.945+02:00 DEBUG 2092 --- [wanchinchun] [           main] o.s.b.f.s.DefaultListableBeanFactory     : Creating shared instance of singleton bean 'spring.jpa.hibernate-org.springframework.boot.autoconfigure.orm.jpa.HibernateProperties'
2025-05-28T20:57:55.947+02:00 DEBUG 2092 --- [wanchinchun] [           main] o.s.b.f.s.DefaultListableBeanFactory     : Autowiring by type from bean name 'org.springframework.boot.autoconfigure.orm.jpa.HibernateJpaConfiguration' via constructor to bean named 'dataSource'
2025-05-28T20:57:55.947+02:00 DEBUG 2092 --- [wanchinchun] [           main] o.s.b.f.s.DefaultListableBeanFactory     : Autowiring by type from bean name 'org.springframework.boot.autoconfigure.orm.jpa.HibernateJpaConfiguration' via constructor to bean named 'spring.jpa-org.springframework.boot.autoconfigure.orm.jpa.JpaProperties'
2025-05-28T20:57:55.947+02:00 DEBUG 2092 --- [wanchinchun] [           main] o.s.b.f.s.DefaultListableBeanFactory     : Autowiring by type from bean name 'org.springframework.boot.autoconfigure.orm.jpa.HibernateJpaConfiguration' via constructor to bean named 'org.springframework.beans.factory.support.DefaultListableBeanFactory@6a933be2'
2025-05-28T20:57:55.947+02:00 DEBUG 2092 --- [wanchinchun] [           main] o.s.b.f.s.DefaultListableBeanFactory     : Autowiring by type from bean name 'org.springframework.boot.autoconfigure.orm.jpa.HibernateJpaConfiguration' via constructor to bean named 'spring.jpa.hibernate-org.springframework.boot.autoconfigure.orm.jpa.HibernateProperties'
2025-05-28T20:57:55.950+02:00 DEBUG 2092 --- [wanchinchun] [           main] o.s.b.f.s.DefaultListableBeanFactory     : Creating shared instance of singleton bean 'hikariPoolDataSourceMetadataProvider'
2025-05-28T20:57:55.951+02:00 DEBUG 2092 --- [wanchinchun] [           main] o.s.b.f.s.DefaultListableBeanFactory     : Creating shared instance of singleton bean 'org.springframework.boot.autoconfigure.jdbc.metadata.DataSourcePoolMetadataProvidersConfiguration$HikariPoolDataSourceMetadataProviderConfiguration'
2025-05-28T20:57:55.956+02:00 DEBUG 2092 --- [wanchinchun] [           main] o.s.b.f.s.DefaultListableBeanFactory     : Creating shared instance of singleton bean 'entityManagerFactoryBuilder'
2025-05-28T20:57:55.957+02:00 DEBUG 2092 --- [wanchinchun] [           main] o.s.b.f.s.DefaultListableBeanFactory     : Creating shared instance of singleton bean 'jpaVendorAdapter'
2025-05-28T20:57:55.976+02:00 DEBUG 2092 --- [wanchinchun] [           main] o.s.b.f.s.DefaultListableBeanFactory     : Autowiring by type from bean name 'entityManagerFactoryBuilder' via factory method to bean named 'jpaVendorAdapter'
2025-05-28T20:57:55.982+02:00 DEBUG 2092 --- [wanchinchun] [           main] o.s.b.f.s.DefaultListableBeanFactory     : Creating shared instance of singleton bean 'persistenceManagedTypes'
2025-05-28T20:57:55.984+02:00 DEBUG 2092 --- [wanchinchun] [           main] o.s.b.f.s.DefaultListableBeanFactory     : Autowiring by type from bean name 'persistenceManagedTypes' via factory method to bean named 'org.springframework.beans.factory.support.DefaultListableBeanFactory@6a933be2'
2025-05-28T20:57:55.984+02:00 DEBUG 2092 --- [wanchinchun] [           main] o.s.b.f.s.DefaultListableBeanFactory     : Autowiring by type from bean name 'persistenceManagedTypes' via factory method to bean named 'org.springframework.boot.web.servlet.context.AnnotationConfigServletWebServerApplicationContext@12365c88'
2025-05-28T20:57:55.997+02:00 DEBUG 2092 --- [wanchinchun] [           main] o.s.b.f.s.DefaultListableBeanFactory     : Autowiring by type from bean name 'entityManagerFactory' via factory method to bean named 'entityManagerFactoryBuilder'
2025-05-28T20:57:55.999+02:00 DEBUG 2092 --- [wanchinchun] [           main] o.s.b.f.s.DefaultListableBeanFactory     : Autowiring by type from bean name 'entityManagerFactory' via factory method to bean named 'persistenceManagedTypes'
2025-05-28T20:57:56.010+02:00 DEBUG 2092 --- [wanchinchun] [           main] o.s.jdbc.datasource.DataSourceUtils      : Fetching JDBC Connection from DataSource
2025-05-28T20:57:56.031+02:00 DEBUG 2092 --- [wanchinchun] [           main] j.LocalContainerEntityManagerFactoryBean : Building JPA container EntityManagerFactory for persistence unit 'default'
2025-05-28T20:57:56.077+02:00 DEBUG 2092 --- [wanchinchun] [           main] o.hibernate.jpa.internal.util.LogHelper  : PersistenceUnitInfo [
	name: default
	persistence provider classname: null
	classloader: jdk.internal.loader.ClassLoaders$AppClassLoader@70dea4e
	excludeUnlistedClasses: true
	JTA datasource: null
	Non JTA datasource: HikariDataSource (HikariPool-1)
	Transaction type: RESOURCE_LOCAL
	PU root URL: file:/C:/Users/pablo/Downloads/mini-pim-plytix-wanchinchun-develop/mini-pim-plytix-wanchinchun-develop/Backend/target/test-classes/
	Shared Cache Mode: UNSPECIFIED
	Validation Mode: AUTO
	Jar files URLs []
	Managed classes names [
		com.uma.wanchinchun.models.Attribute
		com.uma.wanchinchun.models.Category
		com.uma.wanchinchun.models.Product
		com.uma.wanchinchun.models.ProductRelationship
		com.uma.wanchinchun.models.ProductRelationshipID
		com.uma.wanchinchun.models.Relationship]
	Mapping files names []
	Properties []
2025-05-28T20:57:56.089+02:00 DEBUG 2092 --- [wanchinchun] [           main] o.h.i.internal.IntegratorServiceImpl     : Adding Integrator [org.hibernate.boot.beanvalidation.BeanValidationIntegrator].
2025-05-28T20:57:56.093+02:00 DEBUG 2092 --- [wanchinchun] [           main] o.h.i.internal.IntegratorServiceImpl     : Adding Integrator [org.hibernate.cache.internal.CollectionCacheInvalidator].
2025-05-28T20:57:56.186+02:00  INFO 2092 --- [wanchinchun] [           main] org.hibernate.Version                    : HHH000412: Hibernate ORM core version 6.6.11.Final
2025-05-28T20:57:56.189+02:00 DEBUG 2092 --- [wanchinchun] [           main] org.hibernate.cfg.Environment            : HHH000206: 'hibernate.properties' not found
2025-05-28T20:57:56.240+02:00 DEBUG 2092 --- [wanchinchun] [           main] org.hibernate.orm.idgen.factory          : Registering IdentifierGenerator strategy [uuid2] -> [org.hibernate.id.UUIDGenerator]
2025-05-28T20:57:56.242+02:00 DEBUG 2092 --- [wanchinchun] [           main] org.hibernate.orm.idgen.factory          : Registering IdentifierGenerator strategy [guid] -> [org.hibernate.id.GUIDGenerator]
2025-05-28T20:57:56.244+02:00 DEBUG 2092 --- [wanchinchun] [           main] org.hibernate.orm.idgen.factory          : Registering IdentifierGenerator strategy [uuid] -> [org.hibernate.id.UUIDHexGenerator]
2025-05-28T20:57:56.245+02:00 DEBUG 2092 --- [wanchinchun] [           main] org.hibernate.orm.idgen.factory          : Registering IdentifierGenerator strategy [uuid.hex] -> [org.hibernate.id.UUIDHexGenerator]
2025-05-28T20:57:56.245+02:00 DEBUG 2092 --- [wanchinchun] [           main] org.hibernate.orm.idgen.factory          : Registering IdentifierGenerator strategy [assigned] -> [org.hibernate.id.Assigned]
2025-05-28T20:57:56.247+02:00 DEBUG 2092 --- [wanchinchun] [           main] org.hibernate.orm.idgen.factory          : Registering IdentifierGenerator strategy [identity] -> [org.hibernate.id.IdentityGenerator]
2025-05-28T20:57:56.248+02:00 DEBUG 2092 --- [wanchinchun] [           main] org.hibernate.orm.idgen.factory          : Registering IdentifierGenerator strategy [select] -> [org.hibernate.id.SelectGenerator]
2025-05-28T20:57:56.249+02:00 DEBUG 2092 --- [wanchinchun] [           main] org.hibernate.orm.idgen.factory          : Registering IdentifierGenerator strategy [sequence] -> [org.hibernate.id.enhanced.SequenceStyleGenerator]
2025-05-28T20:57:56.250+02:00 DEBUG 2092 --- [wanchinchun] [           main] org.hibernate.orm.idgen.factory          : Registering IdentifierGenerator strategy [increment] -> [org.hibernate.id.IncrementGenerator]
2025-05-28T20:57:56.251+02:00 DEBUG 2092 --- [wanchinchun] [           main] org.hibernate.orm.idgen.factory          : Registering IdentifierGenerator strategy [foreign] -> [org.hibernate.id.ForeignGenerator]
2025-05-28T20:57:56.251+02:00 DEBUG 2092 --- [wanchinchun] [           main] org.hibernate.orm.idgen.factory          : Registering IdentifierGenerator strategy [enhanced-sequence] -> [org.hibernate.id.enhanced.SequenceStyleGenerator]
2025-05-28T20:57:56.252+02:00 DEBUG 2092 --- [wanchinchun] [           main] org.hibernate.orm.idgen.factory          : Registering IdentifierGenerator strategy [enhanced-table] -> [org.hibernate.id.enhanced.TableGenerator]
2025-05-28T20:57:56.262+02:00 DEBUG 2092 --- [wanchinchun] [           main] o.h.c.internal.RegionFactoryInitiator    : Cannot default RegionFactory based on registered strategies as `[]` RegionFactory strategies were registered
2025-05-28T20:57:56.265+02:00  INFO 2092 --- [wanchinchun] [           main] o.h.c.internal.RegionFactoryInitiator    : HHH000026: Second-level cache disabled
2025-05-28T20:57:56.422+02:00 DEBUG 2092 --- [wanchinchun] [           main] org.hibernate.type.BasicTypeRegistry     : Adding type registration boolean -> org.hibernate.type.BasicTypeReference@7bf65e0f
2025-05-28T20:57:56.422+02:00 DEBUG 2092 --- [wanchinchun] [           main] org.hibernate.type.BasicTypeRegistry     : Adding type registration boolean -> org.hibernate.type.BasicTypeReference@7bf65e0f
2025-05-28T20:57:56.422+02:00 DEBUG 2092 --- [wanchinchun] [           main] org.hibernate.type.BasicTypeRegistry     : Adding type registration java.lang.Boolean -> org.hibernate.type.BasicTypeReference@7bf65e0f
2025-05-28T20:57:56.422+02:00 DEBUG 2092 --- [wanchinchun] [           main] org.hibernate.type.BasicTypeRegistry     : Adding type registration numeric_boolean -> org.hibernate.type.BasicTypeReference@33215ffb
2025-05-28T20:57:56.422+02:00 DEBUG 2092 --- [wanchinchun] [           main] org.hibernate.type.BasicTypeRegistry     : Adding type registration org.hibernate.type.NumericBooleanConverter -> org.hibernate.type.BasicTypeReference@33215ffb
2025-05-28T20:57:56.422+02:00 DEBUG 2092 --- [wanchinchun] [           main] org.hibernate.type.BasicTypeRegistry     : Adding type registration true_false -> org.hibernate.type.BasicTypeReference@6f289728
2025-05-28T20:57:56.422+02:00 DEBUG 2092 --- [wanchinchun] [           main] org.hibernate.type.BasicTypeRegistry     : Adding type registration org.hibernate.type.TrueFalseConverter -> org.hibernate.type.BasicTypeReference@6f289728
2025-05-28T20:57:56.422+02:00 DEBUG 2092 --- [wanchinchun] [           main] org.hibernate.type.BasicTypeRegistry     : Adding type registration yes_no -> org.hibernate.type.BasicTypeReference@7c421952
2025-05-28T20:57:56.422+02:00 DEBUG 2092 --- [wanchinchun] [           main] org.hibernate.type.BasicTypeRegistry     : Adding type registration org.hibernate.type.YesNoConverter -> org.hibernate.type.BasicTypeReference@7c421952
2025-05-28T20:57:56.422+02:00 DEBUG 2092 --- [wanchinchun] [           main] org.hibernate.type.BasicTypeRegistry     : Adding type registration byte -> org.hibernate.type.BasicTypeReference@350d26f3
2025-05-28T20:57:56.423+02:00 DEBUG 2092 --- [wanchinchun] [           main] org.hibernate.type.BasicTypeRegistry     : Adding type registration byte -> org.hibernate.type.BasicTypeReference@350d26f3
2025-05-28T20:57:56.423+02:00 DEBUG 2092 --- [wanchinchun] [           main] org.hibernate.type.BasicTypeRegistry     : Adding type registration java.lang.Byte -> org.hibernate.type.BasicTypeReference@350d26f3
2025-05-28T20:57:56.423+02:00 DEBUG 2092 --- [wanchinchun] [           main] org.hibernate.type.BasicTypeRegistry     : Adding type registration binary -> org.hibernate.type.BasicTypeReference@c6a692e
2025-05-28T20:57:56.423+02:00 DEBUG 2092 --- [wanchinchun] [           main] org.hibernate.type.BasicTypeRegistry     : Adding type registration byte[] -> org.hibernate.type.BasicTypeReference@c6a692e
2025-05-28T20:57:56.423+02:00 DEBUG 2092 --- [wanchinchun] [           main] org.hibernate.type.BasicTypeRegistry     : Adding type registration [B -> org.hibernate.type.BasicTypeReference@c6a692e
2025-05-28T20:57:56.423+02:00 DEBUG 2092 --- [wanchinchun] [           main] org.hibernate.type.BasicTypeRegistry     : Adding type registration binary_wrapper -> org.hibernate.type.BasicTypeReference@27502e5c
2025-05-28T20:57:56.423+02:00 DEBUG 2092 --- [wanchinchun] [           main] org.hibernate.type.BasicTypeRegistry     : Adding type registration wrapper-binary -> org.hibernate.type.BasicTypeReference@27502e5c
2025-05-28T20:57:56.423+02:00 DEBUG 2092 --- [wanchinchun] [           main] org.hibernate.type.BasicTypeRegistry     : Adding type registration image -> org.hibernate.type.BasicTypeReference@4b343b6d
2025-05-28T20:57:56.423+02:00 DEBUG 2092 --- [wanchinchun] [           main] org.hibernate.type.BasicTypeRegistry     : Adding type registration blob -> org.hibernate.type.BasicTypeReference@17d2b646
2025-05-28T20:57:56.424+02:00 DEBUG 2092 --- [wanchinchun] [           main] org.hibernate.type.BasicTypeRegistry     : Adding type registration java.sql.Blob -> org.hibernate.type.BasicTypeReference@17d2b646
2025-05-28T20:57:56.424+02:00 DEBUG 2092 --- [wanchinchun] [           main] org.hibernate.type.BasicTypeRegistry     : Adding type registration materialized_blob -> org.hibernate.type.BasicTypeReference@48ae9e8b
2025-05-28T20:57:56.424+02:00 DEBUG 2092 --- [wanchinchun] [           main] org.hibernate.type.BasicTypeRegistry     : Adding type registration materialized_blob_wrapper -> org.hibernate.type.BasicTypeReference@6eaa6b0c
2025-05-28T20:57:56.424+02:00 DEBUG 2092 --- [wanchinchun] [           main] org.hibernate.type.BasicTypeRegistry     : Adding type registration short -> org.hibernate.type.BasicTypeReference@4afcae7
2025-05-28T20:57:56.424+02:00 DEBUG 2092 --- [wanchinchun] [           main] org.hibernate.type.BasicTypeRegistry     : Adding type registration short -> org.hibernate.type.BasicTypeReference@4afcae7
2025-05-28T20:57:56.424+02:00 DEBUG 2092 --- [wanchinchun] [           main] org.hibernate.type.BasicTypeRegistry     : Adding type registration java.lang.Short -> org.hibernate.type.BasicTypeReference@4afcae7
2025-05-28T20:57:56.424+02:00 DEBUG 2092 --- [wanchinchun] [           main] org.hibernate.type.BasicTypeRegistry     : Adding type registration integer -> org.hibernate.type.BasicTypeReference@6cd2cb2
2025-05-28T20:57:56.424+02:00 DEBUG 2092 --- [wanchinchun] [           main] org.hibernate.type.BasicTypeRegistry     : Adding type registration int -> org.hibernate.type.BasicTypeReference@6cd2cb2
2025-05-28T20:57:56.424+02:00 DEBUG 2092 --- [wanchinchun] [           main] org.hibernate.type.BasicTypeRegistry     : Adding type registration java.lang.Integer -> org.hibernate.type.BasicTypeReference@6cd2cb2
2025-05-28T20:57:56.424+02:00 DEBUG 2092 --- [wanchinchun] [           main] org.hibernate.type.BasicTypeRegistry     : Adding type registration long -> org.hibernate.type.BasicTypeReference@3a2bb026
2025-05-28T20:57:56.424+02:00 DEBUG 2092 --- [wanchinchun] [           main] org.hibernate.type.BasicTypeRegistry     : Adding type registration long -> org.hibernate.type.BasicTypeReference@3a2bb026
2025-05-28T20:57:56.426+02:00 DEBUG 2092 --- [wanchinchun] [           main] org.hibernate.type.BasicTypeRegistry     : Adding type registration java.lang.Long -> org.hibernate.type.BasicTypeReference@3a2bb026
2025-05-28T20:57:56.426+02:00 DEBUG 2092 --- [wanchinchun] [           main] org.hibernate.type.BasicTypeRegistry     : Adding type registration float -> org.hibernate.type.BasicTypeReference@7645e64
2025-05-28T20:57:56.426+02:00 DEBUG 2092 --- [wanchinchun] [           main] org.hibernate.type.BasicTypeRegistry     : Adding type registration float -> org.hibernate.type.BasicTypeReference@7645e64
2025-05-28T20:57:56.426+02:00 DEBUG 2092 --- [wanchinchun] [           main] org.hibernate.type.BasicTypeRegistry     : Adding type registration java.lang.Float -> org.hibernate.type.BasicTypeReference@7645e64
2025-05-28T20:57:56.426+02:00 DEBUG 2092 --- [wanchinchun] [           main] org.hibernate.type.BasicTypeRegistry     : Adding type registration double -> org.hibernate.type.BasicTypeReference@7de6549d
2025-05-28T20:57:56.426+02:00 DEBUG 2092 --- [wanchinchun] [           main] org.hibernate.type.BasicTypeRegistry     : Adding type registration double -> org.hibernate.type.BasicTypeReference@7de6549d
2025-05-28T20:57:56.426+02:00 DEBUG 2092 --- [wanchinchun] [           main] org.hibernate.type.BasicTypeRegistry     : Adding type registration java.lang.Double -> org.hibernate.type.BasicTypeReference@7de6549d
2025-05-28T20:57:56.426+02:00 DEBUG 2092 --- [wanchinchun] [           main] org.hibernate.type.BasicTypeRegistry     : Adding type registration big_integer -> org.hibernate.type.BasicTypeReference@12214f2f
2025-05-28T20:57:56.426+02:00 DEBUG 2092 --- [wanchinchun] [           main] org.hibernate.type.BasicTypeRegistry     : Adding type registration java.math.BigInteger -> org.hibernate.type.BasicTypeReference@12214f2f
2025-05-28T20:57:56.426+02:00 DEBUG 2092 --- [wanchinchun] [           main] org.hibernate.type.BasicTypeRegistry     : Adding type registration big_decimal -> org.hibernate.type.BasicTypeReference@756c67cd
2025-05-28T20:57:56.426+02:00 DEBUG 2092 --- [wanchinchun] [           main] org.hibernate.type.BasicTypeRegistry     : Adding type registration java.math.BigDecimal -> org.hibernate.type.BasicTypeReference@756c67cd
2025-05-28T20:57:56.427+02:00 DEBUG 2092 --- [wanchinchun] [           main] org.hibernate.type.BasicTypeRegistry     : Adding type registration character -> org.hibernate.type.BasicTypeReference@50de907a
2025-05-28T20:57:56.427+02:00 DEBUG 2092 --- [wanchinchun] [           main] org.hibernate.type.BasicTypeRegistry     : Adding type registration char -> org.hibernate.type.BasicTypeReference@50de907a
2025-05-28T20:57:56.427+02:00 DEBUG 2092 --- [wanchinchun] [           main] org.hibernate.type.BasicTypeRegistry     : Adding type registration java.lang.Character -> org.hibernate.type.BasicTypeReference@50de907a
2025-05-28T20:57:56.427+02:00 DEBUG 2092 --- [wanchinchun] [           main] org.hibernate.type.BasicTypeRegistry     : Adding type registration character_nchar -> org.hibernate.type.BasicTypeReference@1fd37440
2025-05-28T20:57:56.427+02:00 DEBUG 2092 --- [wanchinchun] [           main] org.hibernate.type.BasicTypeRegistry     : Adding type registration string -> org.hibernate.type.BasicTypeReference@79308a2
2025-05-28T20:57:56.427+02:00 DEBUG 2092 --- [wanchinchun] [           main] org.hibernate.type.BasicTypeRegistry     : Adding type registration java.lang.String -> org.hibernate.type.BasicTypeReference@79308a2
2025-05-28T20:57:56.427+02:00 DEBUG 2092 --- [wanchinchun] [           main] org.hibernate.type.BasicTypeRegistry     : Adding type registration nstring -> org.hibernate.type.BasicTypeReference@11574592
2025-05-28T20:57:56.427+02:00 DEBUG 2092 --- [wanchinchun] [           main] org.hibernate.type.BasicTypeRegistry     : Adding type registration characters -> org.hibernate.type.BasicTypeReference@352e5a82
2025-05-28T20:57:56.427+02:00 DEBUG 2092 --- [wanchinchun] [           main] org.hibernate.type.BasicTypeRegistry     : Adding type registration char[] -> org.hibernate.type.BasicTypeReference@352e5a82
2025-05-28T20:57:56.427+02:00 DEBUG 2092 --- [wanchinchun] [           main] org.hibernate.type.BasicTypeRegistry     : Adding type registration [C -> org.hibernate.type.BasicTypeReference@352e5a82
2025-05-28T20:57:56.427+02:00 DEBUG 2092 --- [wanchinchun] [           main] org.hibernate.type.BasicTypeRegistry     : Adding type registration wrapper-characters -> org.hibernate.type.BasicTypeReference@315b5913
2025-05-28T20:57:56.427+02:00 DEBUG 2092 --- [wanchinchun] [           main] org.hibernate.type.BasicTypeRegistry     : Adding type registration text -> org.hibernate.type.BasicTypeReference@2e929182
2025-05-28T20:57:56.427+02:00 DEBUG 2092 --- [wanchinchun] [           main] org.hibernate.type.BasicTypeRegistry     : Adding type registration ntext -> org.hibernate.type.BasicTypeReference@5423a17
2025-05-28T20:57:56.427+02:00 DEBUG 2092 --- [wanchinchun] [           main] org.hibernate.type.BasicTypeRegistry     : Adding type registration clob -> org.hibernate.type.BasicTypeReference@42ff9a77
2025-05-28T20:57:56.427+02:00 DEBUG 2092 --- [wanchinchun] [           main] org.hibernate.type.BasicTypeRegistry     : Adding type registration java.sql.Clob -> org.hibernate.type.BasicTypeReference@42ff9a77
2025-05-28T20:57:56.427+02:00 DEBUG 2092 --- [wanchinchun] [           main] org.hibernate.type.BasicTypeRegistry     : Adding type registration nclob -> org.hibernate.type.BasicTypeReference@2987d0fa
2025-05-28T20:57:56.427+02:00 DEBUG 2092 --- [wanchinchun] [           main] org.hibernate.type.BasicTypeRegistry     : Adding type registration java.sql.NClob -> org.hibernate.type.BasicTypeReference@2987d0fa
2025-05-28T20:57:56.427+02:00 DEBUG 2092 --- [wanchinchun] [           main] org.hibernate.type.BasicTypeRegistry     : Adding type registration materialized_clob -> org.hibernate.type.BasicTypeReference@13234ac9
2025-05-28T20:57:56.428+02:00 DEBUG 2092 --- [wanchinchun] [           main] org.hibernate.type.BasicTypeRegistry     : Adding type registration materialized_clob_char_array -> org.hibernate.type.BasicTypeReference@7254838
2025-05-28T20:57:56.428+02:00 DEBUG 2092 --- [wanchinchun] [           main] org.hibernate.type.BasicTypeRegistry     : Adding type registration materialized_clob_character_array -> org.hibernate.type.BasicTypeReference@39374689
2025-05-28T20:57:56.428+02:00 DEBUG 2092 --- [wanchinchun] [           main] org.hibernate.type.BasicTypeRegistry     : Adding type registration materialized_nclob -> org.hibernate.type.BasicTypeReference@2e204155
2025-05-28T20:57:56.428+02:00 DEBUG 2092 --- [wanchinchun] [           main] org.hibernate.type.BasicTypeRegistry     : Adding type registration materialized_nclob_character_array -> org.hibernate.type.BasicTypeReference@27dc335a
2025-05-28T20:57:56.428+02:00 DEBUG 2092 --- [wanchinchun] [           main] org.hibernate.type.BasicTypeRegistry     : Adding type registration materialized_nclob_char_array -> org.hibernate.type.BasicTypeReference@a95cb11
2025-05-28T20:57:56.428+02:00 DEBUG 2092 --- [wanchinchun] [           main] org.hibernate.type.BasicTypeRegistry     : Adding type registration Duration -> org.hibernate.type.BasicTypeReference@915d7c4
2025-05-28T20:57:56.428+02:00 DEBUG 2092 --- [wanchinchun] [           main] org.hibernate.type.BasicTypeRegistry     : Adding type registration java.time.Duration -> org.hibernate.type.BasicTypeReference@915d7c4
2025-05-28T20:57:56.428+02:00 DEBUG 2092 --- [wanchinchun] [           main] org.hibernate.type.BasicTypeRegistry     : Adding type registration LocalDateTime -> org.hibernate.type.BasicTypeReference@2513155a
2025-05-28T20:57:56.428+02:00 DEBUG 2092 --- [wanchinchun] [           main] org.hibernate.type.BasicTypeRegistry     : Adding type registration java.time.LocalDateTime -> org.hibernate.type.BasicTypeReference@2513155a
2025-05-28T20:57:56.428+02:00 DEBUG 2092 --- [wanchinchun] [           main] org.hibernate.type.BasicTypeRegistry     : Adding type registration LocalDate -> org.hibernate.type.BasicTypeReference@6313b441
2025-05-28T20:57:56.428+02:00 DEBUG 2092 --- [wanchinchun] [           main] org.hibernate.type.BasicTypeRegistry     : Adding type registration java.time.LocalDate -> org.hibernate.type.BasicTypeReference@6313b441
2025-05-28T20:57:56.428+02:00 DEBUG 2092 --- [wanchinchun] [           main] org.hibernate.type.BasicTypeRegistry     : Adding type registration LocalTime -> org.hibernate.type.BasicTypeReference@47fa3671
2025-05-28T20:57:56.428+02:00 DEBUG 2092 --- [wanchinchun] [           main] org.hibernate.type.BasicTypeRegistry     : Adding type registration java.time.LocalTime -> org.hibernate.type.BasicTypeReference@47fa3671
2025-05-28T20:57:56.428+02:00 DEBUG 2092 --- [wanchinchun] [           main] org.hibernate.type.BasicTypeRegistry     : Adding type registration OffsetDateTime -> org.hibernate.type.BasicTypeReference@60f662bd
2025-05-28T20:57:56.428+02:00 DEBUG 2092 --- [wanchinchun] [           main] org.hibernate.type.BasicTypeRegistry     : Adding type registration java.time.OffsetDateTime -> org.hibernate.type.BasicTypeReference@60f662bd
2025-05-28T20:57:56.428+02:00 DEBUG 2092 --- [wanchinchun] [           main] org.hibernate.type.BasicTypeRegistry     : Adding type registration OffsetDateTimeWithTimezone -> org.hibernate.type.BasicTypeReference@5df2023c
2025-05-28T20:57:56.428+02:00 DEBUG 2092 --- [wanchinchun] [           main] org.hibernate.type.BasicTypeRegistry     : Adding type registration OffsetDateTimeWithoutTimezone -> org.hibernate.type.BasicTypeReference@23bd047f
2025-05-28T20:57:56.429+02:00 DEBUG 2092 --- [wanchinchun] [           main] org.hibernate.type.BasicTypeRegistry     : Adding type registration OffsetTime -> org.hibernate.type.BasicTypeReference@3562e7c7
2025-05-28T20:57:56.429+02:00 DEBUG 2092 --- [wanchinchun] [           main] org.hibernate.type.BasicTypeRegistry     : Adding type registration java.time.OffsetTime -> org.hibernate.type.BasicTypeReference@3562e7c7
2025-05-28T20:57:56.429+02:00 DEBUG 2092 --- [wanchinchun] [           main] org.hibernate.type.BasicTypeRegistry     : Adding type registration OffsetTimeUtc -> org.hibernate.type.BasicTypeReference@66d2885c
2025-05-28T20:57:56.429+02:00 DEBUG 2092 --- [wanchinchun] [           main] org.hibernate.type.BasicTypeRegistry     : Adding type registration OffsetTimeWithTimezone -> org.hibernate.type.BasicTypeReference@2bfc8558
2025-05-28T20:57:56.429+02:00 DEBUG 2092 --- [wanchinchun] [           main] org.hibernate.type.BasicTypeRegistry     : Adding type registration OffsetTimeWithoutTimezone -> org.hibernate.type.BasicTypeReference@6029f2a4
2025-05-28T20:57:56.429+02:00 DEBUG 2092 --- [wanchinchun] [           main] org.hibernate.type.BasicTypeRegistry     : Adding type registration ZonedDateTime -> org.hibernate.type.BasicTypeReference@42576db9
2025-05-28T20:57:56.429+02:00 DEBUG 2092 --- [wanchinchun] [           main] org.hibernate.type.BasicTypeRegistry     : Adding type registration java.time.ZonedDateTime -> org.hibernate.type.BasicTypeReference@42576db9
2025-05-28T20:57:56.429+02:00 DEBUG 2092 --- [wanchinchun] [           main] org.hibernate.type.BasicTypeRegistry     : Adding type registration ZonedDateTimeWithTimezone -> org.hibernate.type.BasicTypeReference@30358dc7
2025-05-28T20:57:56.429+02:00 DEBUG 2092 --- [wanchinchun] [           main] org.hibernate.type.BasicTypeRegistry     : Adding type registration ZonedDateTimeWithoutTimezone -> org.hibernate.type.BasicTypeReference@7fac18dc
2025-05-28T20:57:56.429+02:00 DEBUG 2092 --- [wanchinchun] [           main] org.hibernate.type.BasicTypeRegistry     : Adding type registration date -> org.hibernate.type.BasicTypeReference@50bf795f
2025-05-28T20:57:56.429+02:00 DEBUG 2092 --- [wanchinchun] [           main] org.hibernate.type.BasicTypeRegistry     : Adding type registration java.sql.Date -> org.hibernate.type.BasicTypeReference@50bf795f
2025-05-28T20:57:56.429+02:00 DEBUG 2092 --- [wanchinchun] [           main] org.hibernate.type.BasicTypeRegistry     : Adding type registration time -> org.hibernate.type.BasicTypeReference@29fcfc54
2025-05-28T20:57:56.429+02:00 DEBUG 2092 --- [wanchinchun] [           main] org.hibernate.type.BasicTypeRegistry     : Adding type registration java.sql.Time -> org.hibernate.type.BasicTypeReference@29fcfc54
2025-05-28T20:57:56.430+02:00 DEBUG 2092 --- [wanchinchun] [           main] org.hibernate.type.BasicTypeRegistry     : Adding type registration timestamp -> org.hibernate.type.BasicTypeReference@353b0719
2025-05-28T20:57:56.430+02:00 DEBUG 2092 --- [wanchinchun] [           main] org.hibernate.type.BasicTypeRegistry     : Adding type registration java.sql.Timestamp -> org.hibernate.type.BasicTypeReference@353b0719
2025-05-28T20:57:56.430+02:00 DEBUG 2092 --- [wanchinchun] [           main] org.hibernate.type.BasicTypeRegistry     : Adding type registration java.util.Date -> org.hibernate.type.BasicTypeReference@353b0719
2025-05-28T20:57:56.430+02:00 DEBUG 2092 --- [wanchinchun] [           main] org.hibernate.type.BasicTypeRegistry     : Adding type registration calendar -> org.hibernate.type.BasicTypeReference@2a4e939a
2025-05-28T20:57:56.430+02:00 DEBUG 2092 --- [wanchinchun] [           main] org.hibernate.type.BasicTypeRegistry     : Adding type registration java.util.Calendar -> org.hibernate.type.BasicTypeReference@2a4e939a
2025-05-28T20:57:56.430+02:00 DEBUG 2092 --- [wanchinchun] [           main] org.hibernate.type.BasicTypeRegistry     : Adding type registration java.util.GregorianCalendar -> org.hibernate.type.BasicTypeReference@2a4e939a
2025-05-28T20:57:56.430+02:00 DEBUG 2092 --- [wanchinchun] [           main] org.hibernate.type.BasicTypeRegistry     : Adding type registration calendar_date -> org.hibernate.type.BasicTypeReference@110620d
2025-05-28T20:57:56.430+02:00 DEBUG 2092 --- [wanchinchun] [           main] org.hibernate.type.BasicTypeRegistry     : Adding type registration calendar_time -> org.hibernate.type.BasicTypeReference@4f402027
2025-05-28T20:57:56.430+02:00 DEBUG 2092 --- [wanchinchun] [           main] org.hibernate.type.BasicTypeRegistry     : Adding type registration instant -> org.hibernate.type.BasicTypeReference@22aee519
2025-05-28T20:57:56.430+02:00 DEBUG 2092 --- [wanchinchun] [           main] org.hibernate.type.BasicTypeRegistry     : Adding type registration java.time.Instant -> org.hibernate.type.BasicTypeReference@22aee519
2025-05-28T20:57:56.430+02:00 DEBUG 2092 --- [wanchinchun] [           main] org.hibernate.type.BasicTypeRegistry     : Adding type registration uuid -> org.hibernate.type.BasicTypeReference@7c226095
2025-05-28T20:57:56.430+02:00 DEBUG 2092 --- [wanchinchun] [           main] org.hibernate.type.BasicTypeRegistry     : Adding type registration java.util.UUID -> org.hibernate.type.BasicTypeReference@7c226095
2025-05-28T20:57:56.430+02:00 DEBUG 2092 --- [wanchinchun] [           main] org.hibernate.type.BasicTypeRegistry     : Adding type registration pg-uuid -> org.hibernate.type.BasicTypeReference@7c226095
2025-05-28T20:57:56.430+02:00 DEBUG 2092 --- [wanchinchun] [           main] org.hibernate.type.BasicTypeRegistry     : Adding type registration uuid-binary -> org.hibernate.type.BasicTypeReference@7ea07516
2025-05-28T20:57:56.430+02:00 DEBUG 2092 --- [wanchinchun] [           main] org.hibernate.type.BasicTypeRegistry     : Adding type registration uuid-char -> org.hibernate.type.BasicTypeReference@30af23fd
2025-05-28T20:57:56.430+02:00 DEBUG 2092 --- [wanchinchun] [           main] org.hibernate.type.BasicTypeRegistry     : Adding type registration class -> org.hibernate.type.BasicTypeReference@65fc8edc
2025-05-28T20:57:56.431+02:00 DEBUG 2092 --- [wanchinchun] [           main] org.hibernate.type.BasicTypeRegistry     : Adding type registration java.lang.Class -> org.hibernate.type.BasicTypeReference@65fc8edc
2025-05-28T20:57:56.431+02:00 DEBUG 2092 --- [wanchinchun] [           main] org.hibernate.type.BasicTypeRegistry     : Adding type registration currency -> org.hibernate.type.BasicTypeReference@a357c3e
2025-05-28T20:57:56.431+02:00 DEBUG 2092 --- [wanchinchun] [           main] org.hibernate.type.BasicTypeRegistry     : Adding type registration Currency -> org.hibernate.type.BasicTypeReference@a357c3e
2025-05-28T20:57:56.432+02:00 DEBUG 2092 --- [wanchinchun] [           main] org.hibernate.type.BasicTypeRegistry     : Adding type registration java.util.Currency -> org.hibernate.type.BasicTypeReference@a357c3e
2025-05-28T20:57:56.432+02:00 DEBUG 2092 --- [wanchinchun] [           main] org.hibernate.type.BasicTypeRegistry     : Adding type registration locale -> org.hibernate.type.BasicTypeReference@3eb9c575
2025-05-28T20:57:56.432+02:00 DEBUG 2092 --- [wanchinchun] [           main] org.hibernate.type.BasicTypeRegistry     : Adding type registration java.util.Locale -> org.hibernate.type.BasicTypeReference@3eb9c575
2025-05-28T20:57:56.432+02:00 DEBUG 2092 --- [wanchinchun] [           main] org.hibernate.type.BasicTypeRegistry     : Adding type registration serializable -> org.hibernate.type.BasicTypeReference@3f322610
2025-05-28T20:57:56.432+02:00 DEBUG 2092 --- [wanchinchun] [           main] org.hibernate.type.BasicTypeRegistry     : Adding type registration java.io.Serializable -> org.hibernate.type.BasicTypeReference@3f322610
2025-05-28T20:57:56.432+02:00 DEBUG 2092 --- [wanchinchun] [           main] org.hibernate.type.BasicTypeRegistry     : Adding type registration timezone -> org.hibernate.type.BasicTypeReference@1e477944
2025-05-28T20:57:56.432+02:00 DEBUG 2092 --- [wanchinchun] [           main] org.hibernate.type.BasicTypeRegistry     : Adding type registration java.util.TimeZone -> org.hibernate.type.BasicTypeReference@1e477944
2025-05-28T20:57:56.432+02:00 DEBUG 2092 --- [wanchinchun] [           main] org.hibernate.type.BasicTypeRegistry     : Adding type registration ZoneOffset -> org.hibernate.type.BasicTypeReference@6cf047cf
2025-05-28T20:57:56.432+02:00 DEBUG 2092 --- [wanchinchun] [           main] org.hibernate.type.BasicTypeRegistry     : Adding type registration java.time.ZoneOffset -> org.hibernate.type.BasicTypeReference@6cf047cf
2025-05-28T20:57:56.432+02:00 DEBUG 2092 --- [wanchinchun] [           main] org.hibernate.type.BasicTypeRegistry     : Adding type registration url -> org.hibernate.type.BasicTypeReference@1c92a549
2025-05-28T20:57:56.432+02:00 DEBUG 2092 --- [wanchinchun] [           main] org.hibernate.type.BasicTypeRegistry     : Adding type registration java.net.URL -> org.hibernate.type.BasicTypeReference@1c92a549
2025-05-28T20:57:56.432+02:00 DEBUG 2092 --- [wanchinchun] [           main] org.hibernate.type.BasicTypeRegistry     : Adding type registration vector -> org.hibernate.type.BasicTypeReference@323e026d
2025-05-28T20:57:56.433+02:00 DEBUG 2092 --- [wanchinchun] [           main] org.hibernate.type.BasicTypeRegistry     : Adding type registration float_vector -> org.hibernate.type.BasicTypeReference@1716c037
2025-05-28T20:57:56.433+02:00 DEBUG 2092 --- [wanchinchun] [           main] org.hibernate.type.BasicTypeRegistry     : Adding type registration double_vector -> org.hibernate.type.BasicTypeReference@79b63325
2025-05-28T20:57:56.433+02:00 DEBUG 2092 --- [wanchinchun] [           main] org.hibernate.type.BasicTypeRegistry     : Adding type registration byte_vector -> org.hibernate.type.BasicTypeReference@708769b7
2025-05-28T20:57:56.433+02:00 DEBUG 2092 --- [wanchinchun] [           main] org.hibernate.type.BasicTypeRegistry     : Adding type registration row_version -> org.hibernate.type.BasicTypeReference@32e830a0
2025-05-28T20:57:56.441+02:00 DEBUG 2092 --- [wanchinchun] [           main] org.hibernate.type.BasicTypeRegistry     : Adding type registration object -> org.hibernate.type.JavaObjectType@166e5a6d
2025-05-28T20:57:56.441+02:00 DEBUG 2092 --- [wanchinchun] [           main] org.hibernate.type.BasicTypeRegistry     : Adding type registration java.lang.Object -> org.hibernate.type.JavaObjectType@166e5a6d
2025-05-28T20:57:56.444+02:00 DEBUG 2092 --- [wanchinchun] [           main] org.hibernate.type.BasicTypeRegistry     : Adding type registration null -> org.hibernate.type.NullType@5597ca3
2025-05-28T20:57:56.445+02:00 DEBUG 2092 --- [wanchinchun] [           main] org.hibernate.type.BasicTypeRegistry     : Adding type registration imm_date -> org.hibernate.type.BasicTypeReference@31b741e2
2025-05-28T20:57:56.445+02:00 DEBUG 2092 --- [wanchinchun] [           main] org.hibernate.type.BasicTypeRegistry     : Adding type registration imm_time -> org.hibernate.type.BasicTypeReference@573a078
2025-05-28T20:57:56.445+02:00 DEBUG 2092 --- [wanchinchun] [           main] org.hibernate.type.BasicTypeRegistry     : Adding type registration imm_timestamp -> org.hibernate.type.BasicTypeReference@28f05b0c
2025-05-28T20:57:56.445+02:00 DEBUG 2092 --- [wanchinchun] [           main] org.hibernate.type.BasicTypeRegistry     : Adding type registration imm_calendar -> org.hibernate.type.BasicTypeReference@660296d5
2025-05-28T20:57:56.445+02:00 DEBUG 2092 --- [wanchinchun] [           main] org.hibernate.type.BasicTypeRegistry     : Adding type registration imm_calendar_date -> org.hibernate.type.BasicTypeReference@6d3163a6
2025-05-28T20:57:56.445+02:00 DEBUG 2092 --- [wanchinchun] [           main] org.hibernate.type.BasicTypeRegistry     : Adding type registration imm_calendar_time -> org.hibernate.type.BasicTypeReference@75d97e18
2025-05-28T20:57:56.445+02:00 DEBUG 2092 --- [wanchinchun] [           main] org.hibernate.type.BasicTypeRegistry     : Adding type registration imm_binary -> org.hibernate.type.BasicTypeReference@5fdb7394
2025-05-28T20:57:56.445+02:00 DEBUG 2092 --- [wanchinchun] [           main] org.hibernate.type.BasicTypeRegistry     : Adding type registration imm_serializable -> org.hibernate.type.BasicTypeReference@2d9de284
2025-05-28T20:57:56.454+02:00 DEBUG 2092 --- [wanchinchun] [           main] o.h.boot.internal.BootstrapContextImpl   : Injecting JPA temp ClassLoader [org.springframework.instrument.classloading.SimpleThrowawayClassLoader@45c90a05] into BootstrapContext; was [null]
2025-05-28T20:57:56.455+02:00 DEBUG 2092 --- [wanchinchun] [           main] o.h.boot.internal.ClassLoaderAccessImpl  : ClassLoaderAccessImpl#injectTempClassLoader(org.springframework.instrument.classloading.SimpleThrowawayClassLoader@45c90a05) [was null]
2025-05-28T20:57:56.455+02:00 DEBUG 2092 --- [wanchinchun] [           main] o.h.boot.internal.BootstrapContextImpl   : Injecting ScanEnvironment [org.hibernate.jpa.boot.internal.StandardJpaScanEnvironmentImpl@4fa91d5b] into BootstrapContext; was [null]
2025-05-28T20:57:56.456+02:00 DEBUG 2092 --- [wanchinchun] [           main] o.h.boot.internal.BootstrapContextImpl   : Injecting ScanOptions [org.hibernate.boot.archive.scan.internal.StandardScanOptions@7ce30c0b] into BootstrapContext; was [org.hibernate.boot.archive.scan.internal.StandardScanOptions@1d7f2f0a]
2025-05-28T20:57:56.477+02:00 DEBUG 2092 --- [wanchinchun] [           main] o.h.j.b.i.PersistenceUnitInfoDescriptor  : Pushing class transformers for PU named 'default' on loading classloader jdk.internal.loader.ClassLoaders$AppClassLoader@70dea4e
2025-05-28T20:57:56.738+02:00  INFO 2092 --- [wanchinchun] [           main] o.s.o.j.p.SpringPersistenceUnitInfo      : No LoadTimeWeaver setup: ignoring JPA class transformer
2025-05-28T20:57:56.738+02:00 DEBUG 2092 --- [wanchinchun] [           main] o.h.boot.internal.BootstrapContextImpl   : Injecting JPA temp ClassLoader [null] into BootstrapContext; was [org.springframework.instrument.classloading.SimpleThrowawayClassLoader@45c90a05]
2025-05-28T20:57:56.738+02:00 DEBUG 2092 --- [wanchinchun] [           main] o.h.boot.internal.ClassLoaderAccessImpl  : ClassLoaderAccessImpl#injectTempClassLoader(null) [was org.springframework.instrument.classloading.SimpleThrowawayClassLoader@45c90a05]
2025-05-28T20:57:56.781+02:00 DEBUG 2092 --- [wanchinchun] [           main] o.h.e.j.e.i.JdbcEnvironmentInitiator     : Database ->
	   name : H2
	version : 2.3.232 (2024-08-11)
	  major : 2
	  minor : 3
2025-05-28T20:57:56.781+02:00 DEBUG 2092 --- [wanchinchun] [           main] o.h.e.j.e.i.JdbcEnvironmentInitiator     : Driver ->
	   name : H2 JDBC Driver
	version : 2.3.232 (2024-08-11)
	  major : 2
	  minor : 3
2025-05-28T20:57:56.781+02:00 DEBUG 2092 --- [wanchinchun] [           main] o.h.e.j.e.i.JdbcEnvironmentInitiator     : JDBC version : 4.3
2025-05-28T20:57:56.815+02:00 DEBUG 2092 --- [wanchinchun] [           main] org.hibernate.orm.dialect                : HHH035001: Using dialect: org.hibernate.dialect.H2Dialect, version: 2.3.232
2025-05-28T20:57:56.819+02:00 DEBUG 2092 --- [wanchinchun] [           main] o.h.e.j.env.spi.IdentifierHelperBuilder  : JDBC driver metadata reported database stores quoted identifiers in neither upper, lower nor mixed case
2025-05-28T20:57:56.832+02:00  INFO 2092 --- [wanchinchun] [           main] org.hibernate.orm.connections.pooling    : HHH10001005: Database info:
	Database JDBC URL [Connecting through datasource 'HikariDataSource (HikariPool-1)']
	Database driver: undefined/unknown
	Database version: 2.3.232
	Autocommit mode: undefined/unknown
	Isolation level: undefined/unknown
	Minimum pool size: undefined/unknown
	Maximum pool size: undefined/unknown
2025-05-28T20:57:56.842+02:00 DEBUG 2092 --- [wanchinchun] [           main] o.h.t.d.jdbc.spi.JdbcTypeRegistry        : addDescriptor(NCharTypeDescriptor) replaced previous registration(CharTypeDescriptor)
2025-05-28T20:57:56.842+02:00 DEBUG 2092 --- [wanchinchun] [           main] o.h.t.d.jdbc.spi.JdbcTypeRegistry        : addDescriptor(NVarcharTypeDescriptor) replaced previous registration(VarcharTypeDescriptor)
2025-05-28T20:57:56.844+02:00 DEBUG 2092 --- [wanchinchun] [           main] o.h.t.d.jdbc.spi.JdbcTypeRegistry        : addDescriptor(LongNVarcharTypeDescriptor) replaced previous registration(LongVarcharTypeDescriptor)
2025-05-28T20:57:56.847+02:00 DEBUG 2092 --- [wanchinchun] [           main] o.h.t.d.jdbc.spi.JdbcTypeRegistry        : addDescriptor(NClobTypeDescriptor(DEFAULT)) replaced previous registration(ClobTypeDescriptor(DEFAULT))
2025-05-28T20:57:56.848+02:00 DEBUG 2092 --- [wanchinchun] [           main] o.h.t.d.jdbc.spi.JdbcTypeRegistry        : addDescriptor(TimestampUtcDescriptor) replaced previous registration(TimestampUtcDescriptor)
2025-05-28T20:57:56.854+02:00 DEBUG 2092 --- [wanchinchun] [           main] org.hibernate.type.BasicTypeRegistry     : Adding type registration org.hibernate.type.DurationType -> basicType@1(java.time.Duration,3015)
2025-05-28T20:57:56.854+02:00 DEBUG 2092 --- [wanchinchun] [           main] org.hibernate.type.BasicTypeRegistry     : Adding type registration Duration -> basicType@1(java.time.Duration,3015)
2025-05-28T20:57:56.854+02:00 DEBUG 2092 --- [wanchinchun] [           main] org.hibernate.type.BasicTypeRegistry     : Adding type registration java.time.Duration -> basicType@1(java.time.Duration,3015)
2025-05-28T20:57:56.858+02:00 DEBUG 2092 --- [wanchinchun] [           main] o.h.type.spi.TypeConfiguration$Scope     : Scoping TypeConfiguration [org.hibernate.type.spi.TypeConfiguration@1818390b] to MetadataBuildingContext [org.hibernate.boot.internal.MetadataBuildingContextRootImpl@67a38]
2025-05-28T20:57:56.894+02:00 DEBUG 2092 --- [wanchinchun] [           main] o.h.boot.model.relational.Namespace      : Created database namespace [logicalName=Name{catalog=null, schema=null}, physicalName=Name{catalog=null, schema=null}]
2025-05-28T20:57:56.919+02:00 DEBUG 2092 --- [wanchinchun] [           main] o.h.boot.model.internal.EntityBinder     : Binding entity from annotated class: com.uma.wanchinchun.models.Category
2025-05-28T20:57:56.927+02:00 DEBUG 2092 --- [wanchinchun] [           main] o.h.boot.model.internal.EntityBinder     : Import with entity name Category
2025-05-28T20:57:56.934+02:00 DEBUG 2092 --- [wanchinchun] [           main] o.h.boot.model.internal.EntityBinder     : Bind entity com.uma.wanchinchun.models.Category on table categorias
2025-05-28T20:57:56.945+02:00 DEBUG 2092 --- [wanchinchun] [           main] o.h.boot.model.internal.AnnotatedColumn  : Binding column: AnnotatedDiscriminatorColumn(column='DTYPE')
2025-05-28T20:57:56.966+02:00 DEBUG 2092 --- [wanchinchun] [           main] o.h.boot.model.internal.AnnotatedColumn  : Binding column: AnnotatedColumn()
2025-05-28T20:57:56.967+02:00 DEBUG 2092 --- [wanchinchun] [           main] o.h.boot.internal.ClassLoaderAccessImpl  : Not known whether passed class name [com.uma.wanchinchun.models.Category] is safe
2025-05-28T20:57:56.967+02:00 DEBUG 2092 --- [wanchinchun] [           main] o.h.boot.internal.ClassLoaderAccessImpl  : No temp ClassLoader provided; using live ClassLoader for loading potentially unsafe class : com.uma.wanchinchun.models.Category
2025-05-28T20:57:56.971+02:00 DEBUG 2092 --- [wanchinchun] [           main] o.h.boot.model.internal.PropertyBinder   : MetadataSourceProcessor property id with lazy=false
2025-05-28T20:57:56.975+02:00 DEBUG 2092 --- [wanchinchun] [           main] o.h.b.m.internal.AbstractPropertyHolder  : Attempting to locate auto-apply AttributeConverter for property [com.uma.wanchinchun.models.Category:id]
2025-05-28T20:57:56.979+02:00 DEBUG 2092 --- [wanchinchun] [           main] o.h.b.model.internal.BasicValueBinder    : building BasicValue for id
2025-05-28T20:57:56.982+02:00 DEBUG 2092 --- [wanchinchun] [           main] org.hibernate.mapping.BasicValue         : Skipping column re-registration: categorias.id
2025-05-28T20:57:56.982+02:00 DEBUG 2092 --- [wanchinchun] [           main] o.h.boot.model.internal.PropertyBinder   : Building property id
[...]
2025-05-28T20:58:01.346+02:00 DEBUG 2092 --- [wanchinchun] [           main] org.springframework.test.context.cache   : Spring test ApplicationContext cache statistics: [DefaultContextCache@6ee7c941 size = 1, maxSize = 32, parentContextCount = 0, hitCount = 132, missCount = 1, failureCount = 0]
2025-05-28T20:58:01.346+02:00 DEBUG 2092 --- [wanchinchun] [           main] org.springframework.test.context.cache   : Spring test ApplicationContext cache statistics: [DefaultContextCache@6ee7c941 size = 1, maxSize = 32, parentContextCount = 0, hitCount = 133, missCount = 1, failureCount = 0]
2025-05-28T20:58:01.346+02:00 DEBUG 2092 --- [wanchinchun] [           main] org.springframework.test.context.cache   : Spring test ApplicationContext cache statistics: [DefaultContextCache@6ee7c941 size = 1, maxSize = 32, parentContextCount = 0, hitCount = 134, missCount = 1, failureCount = 0]
2025-05-28T20:58:01.347+02:00 DEBUG 2092 --- [wanchinchun] [           main] org.springframework.test.context.cache   : Spring test ApplicationContext cache statistics: [DefaultContextCache@6ee7c941 size = 1, maxSize = 32, parentContextCount = 0, hitCount = 135, missCount = 1, failureCount = 0]
2025-05-28T20:58:01.347+02:00 DEBUG 2092 --- [wanchinchun] [           main] o.s.web.client.RestTemplate              : HTTP DELETE http://localhost:2151/categoria-producto/1
2025-05-28T20:58:01.348+02:00 DEBUG 2092 --- [wanchinchun] [           main] o.s.web.client.RestTemplate              : Accept=[text/plain, application/json, application/*+json, */*]
2025-05-28T20:58:01.349+02:00 DEBUG 2092 --- [wanchinchun] [o-auto-1-exec-1] o.s.web.servlet.DispatcherServlet        : DELETE "/categoria-producto/1", parameters={}
2025-05-28T20:58:01.349+02:00 DEBUG 2092 --- [wanchinchun] [o-auto-1-exec-1] s.w.s.m.m.a.RequestMappingHandlerMapping : Mapped to com.uma.wanchinchun.controllers.CategoryController#deleteCategory(Long, String)
2025-05-28T20:58:01.349+02:00 DEBUG 2092 --- [wanchinchun] [o-auto-1-exec-1] o.j.s.OpenEntityManagerInViewInterceptor : Opening JPA EntityManager in OpenEntityManagerInViewInterceptor
2025-05-28T20:58:01.350+02:00 DEBUG 2092 --- [wanchinchun] [o-auto-1-exec-1] o.s.w.s.m.m.a.HttpEntityMethodProcessor  : Using 'application/json', given [text/plain, application/json, application/*+json, */*] and supported [application/json, application/*+json]
2025-05-28T20:58:01.350+02:00 DEBUG 2092 --- [wanchinchun] [o-auto-1-exec-1] o.s.w.s.m.m.a.HttpEntityMethodProcessor  : Nothing to write: null body
2025-05-28T20:58:01.350+02:00 DEBUG 2092 --- [wanchinchun] [o-auto-1-exec-1] o.j.s.OpenEntityManagerInViewInterceptor : Closing JPA EntityManager in OpenEntityManagerInViewInterceptor
2025-05-28T20:58:01.350+02:00 DEBUG 2092 --- [wanchinchun] [o-auto-1-exec-1] o.s.web.servlet.DispatcherServlet        : Completed 401 UNAUTHORIZED
2025-05-28T20:58:01.352+02:00 DEBUG 2092 --- [wanchinchun] [           main] o.s.web.client.RestTemplate              : Response 401 UNAUTHORIZED
2025-05-28T20:58:01.352+02:00 DEBUG 2092 --- [wanchinchun] [           main] org.springframework.test.context.cache   : Spring test ApplicationContext cache statistics: [DefaultContextCache@6ee7c941 size = 1, maxSize = 32, parentContextCount = 0, hitCount = 136, missCount = 1, failureCount = 0]
2025-05-28T20:58:01.352+02:00 DEBUG 2092 --- [wanchinchun] [           main] org.springframework.test.context.cache   : Spring test ApplicationContext cache statistics: [DefaultContextCache@6ee7c941 size = 1, maxSize = 32, parentContextCount = 0, hitCount = 137, missCount = 1, failureCount = 0]
2025-05-28T20:58:01.352+02:00 DEBUG 2092 --- [wanchinchun] [           main] org.springframework.test.context.cache   : Spring test ApplicationContext cache statistics: [DefaultContextCache@6ee7c941 size = 1, maxSize = 32, parentContextCount = 0, hitCount = 138, missCount = 1, failureCount = 0]
2025-05-28T20:58:01.352+02:00 DEBUG 2092 --- [wanchinchun] [           main] org.springframework.test.context.cache   : Spring test ApplicationContext cache statistics: [DefaultContextCache@6ee7c941 size = 1, maxSize = 32, parentContextCount = 0, hitCount = 139, missCount = 1, failureCount = 0]
2025-05-28T20:58:01.352+02:00 DEBUG 2092 --- [wanchinchun] [           main] org.springframework.test.context.cache   : Spring test ApplicationContext cache statistics: [DefaultContextCache@6ee7c941 size = 1, maxSize = 32, parentContextCount = 0, hitCount = 140, missCount = 1, failureCount = 0]
2025-05-28T20:58:01.354+02:00 DEBUG 2092 --- [wanchinchun] [           main] org.springframework.test.context.cache   : Spring test ApplicationContext cache statistics: [DefaultContextCache@6ee7c941 size = 1, maxSize = 32, parentContextCount = 0, hitCount = 141, missCount = 1, failureCount = 0]
2025-05-28T20:58:01.354+02:00 DEBUG 2092 --- [wanchinchun] [           main] org.springframework.test.context.cache   : Spring test ApplicationContext cache statistics: [DefaultContextCache@6ee7c941 size = 1, maxSize = 32, parentContextCount = 0, hitCount = 142, missCount = 1, failureCount = 0]
2025-05-28T20:58:01.354+02:00 DEBUG 2092 --- [wanchinchun] [           main] .c.s.DirtiesContextTestExecutionListener : After test method: class [WanchinchunApplicationTests], method [deleteCategory_InvalidAuthorizationHeader_ReturnsUnauthorized], class annotated with @DirtiesContext [false] with mode [null], method annotated with @DirtiesContext [false] with mode [null]
]]></system-out>
  </testcase>
  <testcase name="getAllCategories_ReturnsOk" classname="com.uma.wanchinchun.WanchinchunApplicationTests" time="0.074">
    <system-out><![CDATA[2025-05-28T20:58:01.356+02:00 DEBUG 2092 --- [wanchinchun] [           main] DependencyInjectionTestExecutionListener : Performing dependency injection for test class com.uma.wanchinchun.WanchinchunApplicationTests
2025-05-28T20:58:01.356+02:00 DEBUG 2092 --- [wanchinchun] [           main] org.springframework.test.context.cache   : Spring test ApplicationContext cache statistics: [DefaultContextCache@6ee7c941 size = 1, maxSize = 32, parentContextCount = 0, hitCount = 143, missCount = 1, failureCount = 0]
2025-05-28T20:58:01.357+02:00 DEBUG 2092 --- [wanchinchun] [           main] org.springframework.test.context.cache   : Spring test ApplicationContext cache statistics: [DefaultContextCache@6ee7c941 size = 1, maxSize = 32, parentContextCount = 0, hitCount = 144, missCount = 1, failureCount = 0]
2025-05-28T20:58:01.357+02:00 DEBUG 2092 --- [wanchinchun] [           main] sContextBeforeModesTestExecutionListener : Before test method: class [WanchinchunApplicationTests], method [getAllCategories_ReturnsOk], class annotated with @DirtiesContext [false] with mode [null], method annotated with @DirtiesContext [false] with mode [null]
2025-05-28T20:58:01.357+02:00 DEBUG 2092 --- [wanchinchun] [           main] org.springframework.test.context.cache   : Spring test ApplicationContext cache statistics: [DefaultContextCache@6ee7c941 size = 1, maxSize = 32, parentContextCount = 0, hitCount = 145, missCount = 1, failureCount = 0]
2025-05-28T20:58:01.359+02:00 DEBUG 2092 --- [wanchinchun] [           main] org.springframework.test.context.cache   : Spring test ApplicationContext cache statistics: [DefaultContextCache@6ee7c941 size = 1, maxSize = 32, parentContextCount = 0, hitCount = 146, missCount = 1, failureCount = 0]
2025-05-28T20:58:01.359+02:00 DEBUG 2092 --- [wanchinchun] [           main] org.springframework.test.context.cache   : Spring test ApplicationContext cache statistics: [DefaultContextCache@6ee7c941 size = 1, maxSize = 32, parentContextCount = 0, hitCount = 147, missCount = 1, failureCount = 0]
2025-05-28T20:58:01.360+02:00 DEBUG 2092 --- [wanchinchun] [           main] org.springframework.test.context.cache   : Spring test ApplicationContext cache statistics: [DefaultContextCache@6ee7c941 size = 1, maxSize = 32, parentContextCount = 0, hitCount = 148, missCount = 1, failureCount = 0]
2025-05-28T20:58:01.360+02:00 DEBUG 2092 --- [wanchinchun] [           main] o.s.web.client.RestTemplate              : HTTP GET http://localhost:2151/categoria-producto
2025-05-28T20:58:01.360+02:00 DEBUG 2092 --- [wanchinchun] [           main] o.s.web.client.RestTemplate              : Accept=[text/plain, application/json, application/*+json, */*]
2025-05-28T20:58:01.362+02:00 DEBUG 2092 --- [wanchinchun] [o-auto-1-exec-3] o.s.web.servlet.DispatcherServlet        : GET "/categoria-producto", parameters={}
2025-05-28T20:58:01.362+02:00 DEBUG 2092 --- [wanchinchun] [o-auto-1-exec-3] s.w.s.m.m.a.RequestMappingHandlerMapping : Mapped to com.uma.wanchinchun.controllers.CategoryController#getAllCategories(String)
2025-05-28T20:58:01.362+02:00 DEBUG 2092 --- [wanchinchun] [o-auto-1-exec-3] o.j.s.OpenEntityManagerInViewInterceptor : Opening JPA EntityManager in OpenEntityManagerInViewInterceptor
2025-05-28T20:58:01.364+02:00 DEBUG 2092 --- [wanchinchun] [o-auto-1-exec-3] o.s.orm.jpa.JpaTransactionManager        : Found thread-bound EntityManager [SessionImpl(958888184<open>)] for JPA transaction
2025-05-28T20:58:01.364+02:00 DEBUG 2092 --- [wanchinchun] [o-auto-1-exec-3] o.s.orm.jpa.JpaTransactionManager        : Creating new transaction with name [org.springframework.data.jpa.repository.support.SimpleJpaRepository.findAll]: PROPAGATION_REQUIRED,ISOLATION_DEFAULT,readOnly
2025-05-28T20:58:01.364+02:00 DEBUG 2092 --- [wanchinchun] [o-auto-1-exec-3] o.s.jdbc.datasource.DataSourceUtils      : Setting JDBC Connection [HikariProxyConnection@1251926527 wrapping conn0: url=jdbc:h2:file:./data/wanchinchun_db user=SA] read-only
2025-05-28T20:58:01.364+02:00 DEBUG 2092 --- [wanchinchun] [o-auto-1-exec-3] o.h.e.t.internal.TransactionImpl         : On TransactionImpl creation, JpaCompliance#isJpaTransactionComplianceEnabled == false
2025-05-28T20:58:01.364+02:00 DEBUG 2092 --- [wanchinchun] [o-auto-1-exec-3] o.h.e.t.internal.TransactionImpl         : begin
2025-05-28T20:58:01.364+02:00 DEBUG 2092 --- [wanchinchun] [o-auto-1-exec-3] o.s.orm.jpa.JpaTransactionManager        : Exposing JPA transaction as JDBC [org.springframework.orm.jpa.vendor.HibernateJpaDialect$HibernateConnectionHandle@50e716dd]
2025-05-28T20:58:01.411+02:00 DEBUG 2092 --- [wanchinchun] [o-auto-1-exec-3] org.hibernate.orm.sql.ast.create         : Created new SQL alias : c1_0
2025-05-28T20:58:01.411+02:00 DEBUG 2092 --- [wanchinchun] [o-auto-1-exec-3] org.hibernate.orm.sql.ast.create         : Registration of TableGroup [StandardTableGroup(com.uma.wanchinchun.models.Category(11))] with identifierForTableGroup [com.uma.wanchinchun.models.Category] for NavigablePath [com.uma.wanchinchun.models.Category] 
2025-05-28T20:58:01.418+02:00 DEBUG 2092 --- [wanchinchun] [o-auto-1-exec-3] org.hibernate.orm.results.graph.AST      : DomainResult Graph:
 \-EntityResultImpl [com.uma.wanchinchun.models.Category(11)]
 |  +-BasicFetch [com.uma.wanchinchun.models.Category(11).nombre]
 |  \-DelayedCollectionFetch [com.uma.wanchinchun.models.Category(11).productos]

2025-05-28T20:58:01.418+02:00 DEBUG 2092 --- [wanchinchun] [o-auto-1-exec-3] org.hibernate.orm.sql.ast.tree           : SQL AST Tree:
    SelectStatement {
      FromClause {
        StandardTableGroup (c1 : com.uma.wanchinchun.models.Category(11)) {
          primaryTableReference : categorias as c1_0
        }
      }
    }

2025-05-28T20:58:01.420+02:00 DEBUG 2092 --- [wanchinchun] [o-auto-1-exec-3] org.hibernate.orm.sql.exec               : Skipping reading Query result cache data: cache-enabled = false, cache-mode = NORMAL
2025-05-28T20:58:01.420+02:00 DEBUG 2092 --- [wanchinchun] [o-auto-1-exec-3] org.hibernate.SQL                        : 
    select
        c1_0.id,
        c1_0.nombre 
    from
        categorias c1_0
Hibernate: 
    select
        c1_0.id,
        c1_0.nombre 
    from
        categorias c1_0
2025-05-28T20:58:01.421+02:00 DEBUG 2092 --- [wanchinchun] [o-auto-1-exec-3] org.hibernate.orm.results                : Initializer list:
	  com.uma.wanchinchun.models.Category(11).productos -> DelayedCollectionInitializer(com.uma.wanchinchun.models.Category(11).productos)@77312200 (PluralAttribute(com.uma.wanchinchun.models.Category.productos))
	  com.uma.wanchinchun.models.Category(11) -> EntityJoinedFetchInitializer(com.uma.wanchinchun.models.Category(11))@1096639592 (SingleTableEntityPersister(com.uma.wanchinchun.models.Category))

2025-05-28T20:58:01.422+02:00 DEBUG 2092 --- [wanchinchun] [o-auto-1-exec-3] o.s.orm.jpa.JpaTransactionManager        : Initiating transaction commit
2025-05-28T20:58:01.422+02:00 DEBUG 2092 --- [wanchinchun] [o-auto-1-exec-3] o.s.orm.jpa.JpaTransactionManager        : Committing JPA transaction on EntityManager [SessionImpl(958888184<open>)]
2025-05-28T20:58:01.422+02:00 DEBUG 2092 --- [wanchinchun] [o-auto-1-exec-3] o.h.e.t.internal.TransactionImpl         : committing
2025-05-28T20:58:01.422+02:00 DEBUG 2092 --- [wanchinchun] [o-auto-1-exec-3] o.s.jdbc.datasource.DataSourceUtils      : Resetting read-only flag of JDBC Connection [HikariProxyConnection@1251926527 wrapping conn0: url=jdbc:h2:file:./data/wanchinchun_db user=SA]
2025-05-28T20:58:01.422+02:00 DEBUG 2092 --- [wanchinchun] [o-auto-1-exec-3] o.s.orm.jpa.JpaTransactionManager        : Not closing pre-bound JPA EntityManager after transaction
2025-05-28T20:58:01.423+02:00 DEBUG 2092 --- [wanchinchun] [o-auto-1-exec-3] org.hibernate.orm.sql.exec               : Skipping reading Query result cache data: cache-enabled = false, cache-mode = IGNORE
2025-05-28T20:58:01.423+02:00 DEBUG 2092 --- [wanchinchun] [o-auto-1-exec-3] org.hibernate.SQL                        : 
    select
        p1_0.categoria_id,
        p1_1.id,
        p1_1.creado,
        p1_1.gtin,
        p1_1.id_cuenta,
        p1_1.miniatura,
        p1_1.modificado,
        p1_1.nombre,
        p1_1.sku,
        p1_1.texto_corto 
    from
        producto_categoria p1_0 
    join
        productos p1_1 
            on p1_1.id=p1_0.producto_id 
    where
        p1_0.categoria_id=?
Hibernate: 
    select
        p1_0.categoria_id,
        p1_1.id,
        p1_1.creado,
        p1_1.gtin,
        p1_1.id_cuenta,
        p1_1.miniatura,
        p1_1.modificado,
        p1_1.nombre,
        p1_1.sku,
        p1_1.texto_corto 
    from
        producto_categoria p1_0 
    join
        productos p1_1 
            on p1_1.id=p1_0.producto_id 
    where
        p1_0.categoria_id=?
2025-05-28T20:58:01.423+02:00 DEBUG 2092 --- [wanchinchun] [o-auto-1-exec-3] o.h.sql.results.internal.ResultsHelper   : Collection fully initialized: [com.uma.wanchinchun.models.Category.productos#2]
2025-05-28T20:58:01.423+02:00 DEBUG 2092 --- [wanchinchun] [o-auto-1-exec-3] org.hibernate.orm.sql.exec               : Skipping reading Query result cache data: cache-enabled = false, cache-mode = IGNORE
2025-05-28T20:58:01.423+02:00 DEBUG 2092 --- [wanchinchun] [o-auto-1-exec-3] org.hibernate.SQL                        : 
    select
        p1_0.categoria_id,
        p1_1.id,
        p1_1.creado,
        p1_1.gtin,
        p1_1.id_cuenta,
        p1_1.miniatura,
        p1_1.modificado,
        p1_1.nombre,
        p1_1.sku,
        p1_1.texto_corto 
    from
        producto_categoria p1_0 
    join
        productos p1_1 
            on p1_1.id=p1_0.producto_id 
    where
        p1_0.categoria_id=?
Hibernate: 
    select
        p1_0.categoria_id,
        p1_1.id,
        p1_1.creado,
        p1_1.gtin,
        p1_1.id_cuenta,
        p1_1.miniatura,
        p1_1.modificado,
        p1_1.nombre,
        p1_1.sku,
        p1_1.texto_corto 
    from
        producto_categoria p1_0 
    join
        productos p1_1 
            on p1_1.id=p1_0.producto_id 
    where
        p1_0.categoria_id=?
2025-05-28T20:58:01.424+02:00 DEBUG 2092 --- [wanchinchun] [o-auto-1-exec-3] o.h.sql.results.internal.ResultsHelper   : Collection fully initialized: [com.uma.wanchinchun.models.Category.productos#3]
2025-05-28T20:58:01.425+02:00 DEBUG 2092 --- [wanchinchun] [o-auto-1-exec-3] o.s.w.s.m.m.a.HttpEntityMethodProcessor  : Using 'application/json', given [text/plain, application/json, application/*+json, */*] and supported [application/json, application/*+json]
2025-05-28T20:58:01.425+02:00 DEBUG 2092 --- [wanchinchun] [o-auto-1-exec-3] o.s.w.s.m.m.a.HttpEntityMethodProcessor  : Writing [[com.uma.wanchinchun.dtos.CategoryDTO@76300a15, com.uma.wanchinchun.dtos.CategoryDTO@1415b869]]
2025-05-28T20:58:01.426+02:00 DEBUG 2092 --- [wanchinchun] [o-auto-1-exec-3] o.j.s.OpenEntityManagerInViewInterceptor : Closing JPA EntityManager in OpenEntityManagerInViewInterceptor
2025-05-28T20:58:01.426+02:00 DEBUG 2092 --- [wanchinchun] [o-auto-1-exec-3] o.s.web.servlet.DispatcherServlet        : Completed 200 OK
2025-05-28T20:58:01.426+02:00 DEBUG 2092 --- [wanchinchun] [           main] o.s.web.client.RestTemplate              : Response 200 OK
2025-05-28T20:58:01.426+02:00 DEBUG 2092 --- [wanchinchun] [           main] o.s.web.client.RestTemplate              : Reading to [java.lang.String] as "application/json"
2025-05-28T20:58:01.428+02:00 DEBUG 2092 --- [wanchinchun] [           main] org.springframework.test.context.cache   : Spring test ApplicationContext cache statistics: [DefaultContextCache@6ee7c941 size = 1, maxSize = 32, parentContextCount = 0, hitCount = 149, missCount = 1, failureCount = 0]
2025-05-28T20:58:01.429+02:00 DEBUG 2092 --- [wanchinchun] [           main] org.springframework.test.context.cache   : Spring test ApplicationContext cache statistics: [DefaultContextCache@6ee7c941 size = 1, maxSize = 32, parentContextCount = 0, hitCount = 150, missCount = 1, failureCount = 0]
2025-05-28T20:58:01.429+02:00 DEBUG 2092 --- [wanchinchun] [           main] org.springframework.test.context.cache   : Spring test ApplicationContext cache statistics: [DefaultContextCache@6ee7c941 size = 1, maxSize = 32, parentContextCount = 0, hitCount = 151, missCount = 1, failureCount = 0]
2025-05-28T20:58:01.429+02:00 DEBUG 2092 --- [wanchinchun] [           main] org.springframework.test.context.cache   : Spring test ApplicationContext cache statistics: [DefaultContextCache@6ee7c941 size = 1, maxSize = 32, parentContextCount = 0, hitCount = 152, missCount = 1, failureCount = 0]
2025-05-28T20:58:01.430+02:00 DEBUG 2092 --- [wanchinchun] [           main] org.springframework.test.context.cache   : Spring test ApplicationContext cache statistics: [DefaultContextCache@6ee7c941 size = 1, maxSize = 32, parentContextCount = 0, hitCount = 153, missCount = 1, failureCount = 0]
2025-05-28T20:58:01.430+02:00 DEBUG 2092 --- [wanchinchun] [           main] org.springframework.test.context.cache   : Spring test ApplicationContext cache statistics: [DefaultContextCache@6ee7c941 size = 1, maxSize = 32, parentContextCount = 0, hitCount = 154, missCount = 1, failureCount = 0]
2025-05-28T20:58:01.431+02:00 DEBUG 2092 --- [wanchinchun] [           main] org.springframework.test.context.cache   : Spring test ApplicationContext cache statistics: [DefaultContextCache@6ee7c941 size = 1, maxSize = 32, parentContextCount = 0, hitCount = 155, missCount = 1, failureCount = 0]
2025-05-28T20:58:01.431+02:00 DEBUG 2092 --- [wanchinchun] [           main] .c.s.DirtiesContextTestExecutionListener : After test method: class [WanchinchunApplicationTests], method [getAllCategories_ReturnsOk], class annotated with @DirtiesContext [false] with mode [null], method annotated with @DirtiesContext [false] with mode [null]
]]></system-out>
  </testcase>
</testsuite>